Log file open, 07/06/23 18:03:19
LogWindows: Failed to load 'aqProf.dll' (GetLastError=126)
LogWindows: File 'aqProf.dll' does not exist
LogWindows: Failed to load 'VtuneApi.dll' (GetLastError=126)
LogWindows: File 'VtuneApi.dll' does not exist
LogWindows: Failed to load 'VtuneApi32e.dll' (GetLastError=126)
LogWindows: File 'VtuneApi32e.dll' does not exist
LogConsoleResponse: Display: Failed to find resolution value strings in scalability ini. Falling back to default.
LogConsoleResponse: Display: Failed to find resolution value strings in scalability ini. Falling back to default.
LogInit: Display: Running engine for game: ANONCharacterProto
LogPlatformFile: Not using cached read wrapper
LogTaskGraph: Started task graph with 5 named threads and 23 total threads with 3 sets of task threads.
LogStats: Stats thread started at 0.343788
LogICUInternationalization: ICU TimeZone Detection - Raw Offset: -8:00, Platform Override: ''
LogInit: Display: Loading text-based GConfig....
LogPluginManager: Mounting plugin MeshPainting
LogPluginManager: Mounting plugin XGEController
LogPluginManager: Mounting plugin Paper2D
LogPluginManager: Mounting plugin AISupport
LogPluginManager: Mounting plugin LiveLink
LogPluginManager: Mounting plugin EnvironmentQueryEditor
LogPluginManager: Mounting plugin LightPropagationVolume
LogPluginManager: Mounting plugin OodleData
LogPluginManager: Mounting plugin OodleNetwork
LogPluginManager: Mounting plugin AnimationSharing
LogPluginManager: Mounting plugin CLionSourceCodeAccess
LogPluginManager: Mounting plugin CodeLiteSourceCodeAccess
LogPluginManager: Mounting plugin GitSourceControl
LogPluginManager: Mounting plugin NullSourceCodeAccess
LogPluginManager: Mounting plugin PerforceSourceControl
LogPluginManager: Mounting plugin KDevelopSourceCodeAccess
LogPluginManager: Mounting plugin PixWinPlugin
LogPluginManager: Mounting plugin PluginUtils
LogPluginManager: Mounting plugin PlasticSourceControl
LogPluginManager: Mounting plugin RiderSourceCodeAccess
LogPluginManager: Mounting plugin SubversionSourceControl
LogPluginManager: Mounting plugin TextureFormatOodle
LogPluginManager: Mounting plugin UObjectPlugin
LogPluginManager: Mounting plugin VisualStudioCodeSourceCodeAccess
LogPluginManager: Mounting plugin XCodeSourceCodeAccess
LogPluginManager: Mounting plugin VisualStudioSourceCodeAccess
LogPluginManager: Mounting plugin AssetManagerEditor
LogPluginManager: Mounting plugin CryptoKeys
LogPluginManager: Mounting plugin CurveEditorTools
LogPluginManager: Mounting plugin DataValidation
LogPluginManager: Mounting plugin GameplayTagsEditor
LogPluginManager: Mounting plugin FacialAnimation
LogPluginManager: Mounting plugin GeometryMode
LogPluginManager: Mounting plugin MaterialAnalyzer
LogPluginManager: Mounting plugin PluginBrowser
LogPluginManager: Mounting plugin MobileLauncherProfileWizard
LogPluginManager: Mounting plugin MacGraphicsSwitching
LogPluginManager: Mounting plugin PropertyAccessNode
LogPluginManager: Mounting plugin SpeedTreeImporter
LogPluginManager: Mounting plugin DatasmithContent
LogPluginManager: Mounting plugin VariantManagerContent
LogPluginManager: Mounting plugin AlembicImporter
LogPluginManager: Mounting plugin BackChannel
LogPluginManager: Mounting plugin LuminPlatformFeatures
LogPluginManager: Mounting plugin MagicLeap
LogPluginManager: Mounting plugin AutomationUtils
LogPluginManager: Mounting plugin ChaosCloth
LogPluginManager: Mounting plugin ChaosClothEditor
LogPluginManager: Mounting plugin MagicLeapLightEstimation
LogPluginManager: Mounting plugin MagicLeapMedia
LogPluginManager: Mounting plugin ChaosEditor
LogPluginManager: Mounting plugin ChaosNiagara
LogPluginManager: Mounting plugin MagicLeapPassableWorld
LogPluginManager: Mounting plugin MLSDK
LogPluginManager: Mounting plugin ChaosSolverPlugin
LogPluginManager: Mounting plugin CharacterAI
LogPluginManager: Mounting plugin EnhancedInput
LogPluginManager: Mounting plugin GeometryCache
LogPluginManager: Mounting plugin GeometryCollectionPlugin
LogPluginManager: Mounting plugin GeometryProcessing
LogPluginManager: Mounting plugin OpenImageDenoise
LogPluginManager: Mounting plugin ProxyLODPlugin
LogPluginManager: Mounting plugin PlatformCrypto
LogPluginManager: Mounting plugin PlanarCut
LogPluginManager: Mounting plugin SkeletalReduction
LogPluginManager: Mounting plugin PythonScriptPlugin
LogPluginManager: Mounting plugin AssetsCleaner
LogPluginManager: Mounting plugin AutoSizeComments
LogPluginManager: Mounting plugin PaperZD
LogPluginManager: Mounting plugin Niagara
LogPluginManager: Mounting plugin AvfMedia
LogPluginManager: Mounting plugin ImgMedia
LogPluginManager: Mounting plugin AndroidMedia
LogPluginManager: Mounting plugin MotoSynth
LogPluginManager: Mounting plugin MediaPlayerEditor
LogPluginManager: Mounting plugin WebMMedia
LogPluginManager: Mounting plugin ActorSequence
LogPluginManager: Mounting plugin LevelSequenceEditor
LogPluginManager: Mounting plugin MatineeToLevelSequence
LogPluginManager: Mounting plugin TemplateSequence
LogPluginManager: Mounting plugin CameraShakePreviewer
LogPluginManager: Mounting plugin GameplayCameras
LogPluginManager: Mounting plugin TcpMessaging
LogPluginManager: Mounting plugin UdpMessaging
LogPluginManager: Mounting plugin ActorLayerUtilities
LogPluginManager: Mounting plugin AndroidDeviceProfileSelector
LogPluginManager: Mounting plugin LauncherChunkInstaller
LogPluginManager: Mounting plugin AndroidMoviePlayer
LogPluginManager: Mounting plugin AndroidPermission
LogPluginManager: Mounting plugin AppleImageUtils
LogPluginManager: Mounting plugin AppleMoviePlayer
LogPluginManager: Mounting plugin WmfMedia
LogPluginManager: Mounting plugin ArchVisCharacter
LogPluginManager: Mounting plugin MediaCompositing
LogPluginManager: Mounting plugin AssetTags
LogPluginManager: Mounting plugin ChunkDownloader
LogPluginManager: Mounting plugin AudioSynesthesia
LogPluginManager: Mounting plugin CableComponent
LogPluginManager: Mounting plugin CustomMeshComponent
LogPluginManager: Mounting plugin EditableMesh
LogPluginManager: Mounting plugin ExampleDeviceProfileSelector
LogPluginManager: Mounting plugin GoogleCloudMessaging
LogPluginManager: Mounting plugin GooglePAD
LogPluginManager: Mounting plugin AudioCapture
LogPluginManager: Mounting plugin OnlineSubsystem
LogPluginManager: Mounting plugin OnlineSubsystemNull
LogPluginManager: Mounting plugin OnlineSubsystemUtils
LogPluginManager: Mounting plugin IOSDeviceProfileSelector
LogPluginManager: Mounting plugin LinuxDeviceProfileSelector
LogPluginManager: Mounting plugin LocationServicesBPLibrary
LogPluginManager: Mounting plugin MobilePatchingUtils
LogPluginManager: Mounting plugin OpenXREyeTracker
LogPluginManager: Mounting plugin OpenXR
LogPluginManager: Mounting plugin OpenXRHandTracking
LogPluginManager: Mounting plugin PostSplashScreen
LogPluginManager: Mounting plugin PhysXVehicles
LogPluginManager: Mounting plugin PropertyAccessEditor
LogPluginManager: Mounting plugin ProceduralMeshComponent
LogPluginManager: Mounting plugin SignificanceManager
LogPluginManager: Mounting plugin SoundFields
LogPluginManager: Mounting plugin Synthesis
LogPluginManager: Mounting plugin RuntimePhysXCooking
LogPluginManager: Mounting plugin WebMMoviePlayer
LogPluginManager: Mounting plugin WindowsMoviePlayer
LogPluginManager: Mounting plugin ScreenshotTools
LogPluginManager: Mounting plugin Takes
LogPluginManager: Mounting plugin ContentBrowserAssetDataSource
LogPluginManager: Mounting plugin ContentBrowserClassDataSource
LogPluginManager: Mounting plugin ContentBrowserFileDataSource
LogPluginManager: Mounting plugin OnlineSubsystemIOS
LogPluginManager: Mounting plugin OnlineSubsystemGooglePlay
LogPluginManager: Mounting plugin OculusVR
PixWinPlugin: PIX capture plugin failed to initialize! Check that the process is launched from PIX.
LogInit: Using libcurl 7.55.1-DEV
LogInit:  - built for x86_64-pc-win32
LogInit:  - supports SSL with OpenSSL/1.1.1
LogInit:  - supports HTTP deflate (compression) using libz 1.2.8
LogInit:  - other features:
LogInit:      CURL_VERSION_SSL
LogInit:      CURL_VERSION_LIBZ
LogInit:      CURL_VERSION_IPV6
LogInit:      CURL_VERSION_ASYNCHDNS
LogInit:      CURL_VERSION_LARGEFILE
LogInit:      CURL_VERSION_IDN
LogInit:  CurlRequestOptions (configurable via config and command line):
LogInit:  - bVerifyPeer = true  - Libcurl will verify peer certificate
LogInit:  - bUseHttpProxy = false  - Libcurl will NOT use HTTP proxy
LogInit:  - bDontReuseConnections = false  - Libcurl will reuse connections
LogInit:  - MaxHostConnections = 16  - Libcurl will limit the number of connections to a host
LogInit:  - LocalHostAddr = Default
LogInit:  - BufferSize = 65536
LogOnline: OSS: Creating online subsystem instance for: NULL
LogInit: WinSock: version 1.1 (2.2), MaxSocks=32767, MaxUdp=65467
LogOnline: OSS: TryLoadSubsystemAndSetDefault: Loaded subsystem for module [NULL]
LogOculusPluginWrapper: OculusPlugin initialized successfully
LogHMD: Failed initializing OVRPlugin 1.59.0
LogInit: Build: ++UE4+Release-4.27-CL-18319896
LogInit: Engine Version: 4.27.2-18319896+++UE4+Release-4.27
LogInit: Compatible Engine Version: 4.27.0-17155196+++UE4+Release-4.27
LogInit: Net CL: 17155196
LogInit: OS: Windows 10 (Release 2009) (), CPU: Intel(R) Core(TM) i7-4790 CPU @ 3.60GHz, GPU: NVIDIA GeForce GTX 1650
LogInit: Compiled (64-bit): Nov 30 2021 07:12:08
LogInit: Compiled with Visual C++: 19.24.28315.00
LogInit: Build Configuration: Development
LogInit: Branch Name: ++UE4+Release-4.27
LogInit: Command Line:  /Game/TopDownBP/Maps/TopDownExampleMap -game -PIEVIACONSOLE -Multiprocess "GameUserSettingsINI=E:/Github Work/ANONPlayerCharacterProto/ANONCharacterProto/Saved/Config/Windows/PIEGameUserSettings0.ini" -MultiprocessSaveConfig -forcepassthrough -messaging -SessionName="Play in Standalone Game" -windowed -WinX=320 -WinY=184 SAVEWINPOS=1 -ResX=1280 -ResY=720
LogInit: Base Directory: E:/Epic Got me by the balls/UE_4.27/Engine/Binaries/Win64/
LogInit: Allocator: TBB
LogInit: Installed Engine Build: 1
LogDevObjectVersion: Number of dev versions registered: 29
LogDevObjectVersion:   Dev-Blueprints (B0D832E4-1F89-4F0D-ACCF-7EB736FD4AA2): 10
LogDevObjectVersion:   Dev-Build (E1C64328-A22C-4D53-A36C-8E866417BD8C): 0
LogDevObjectVersion:   Dev-Core (375EC13C-06E4-48FB-B500-84F0262A717E): 4
LogDevObjectVersion:   Dev-Editor (E4B068ED-F494-42E9-A231-DA0B2E46BB41): 40
LogDevObjectVersion:   Dev-Framework (CFFC743F-43B0-4480-9391-14DF171D2073): 37
LogDevObjectVersion:   Dev-Mobile (B02B49B5-BB20-44E9-A304-32B752E40360): 3
LogDevObjectVersion:   Dev-Networking (A4E4105C-59A1-49B5-A7C5-40C4547EDFEE): 0
LogDevObjectVersion:   Dev-Online (39C831C9-5AE6-47DC-9A44-9C173E1C8E7C): 0
LogDevObjectVersion:   Dev-Physics (78F01B33-EBEA-4F98-B9B4-84EACCB95AA2): 14
LogDevObjectVersion:   Dev-Platform (6631380F-2D4D-43E0-8009-CF276956A95A): 0
LogDevObjectVersion:   Dev-Rendering (12F88B9F-8875-4AFC-A67C-D90C383ABD29): 45
LogDevObjectVersion:   Dev-Sequencer (7B5AE74C-D270-4C10-A958-57980B212A5A): 13
LogDevObjectVersion:   Dev-VR (D7296918-1DD6-4BDD-9DE2-64A83CC13884): 3
LogDevObjectVersion:   Dev-LoadTimes (C2A15278-BFE7-4AFE-6C17-90FF531DF755): 1
LogDevObjectVersion:   Private-Geometry (6EACA3D4-40EC-4CC1-B786-8BED09428FC5): 3
LogDevObjectVersion:   Dev-AnimPhys (29E575DD-E0A3-4627-9D10-D276232CDCEA): 17
LogDevObjectVersion:   Dev-Anim (AF43A65D-7FD3-4947-9873-3E8ED9C1BB05): 15
LogDevObjectVersion:   Dev-ReflectionCapture (6B266CEC-1EC7-4B8F-A30B-E4D90942FC07): 1
LogDevObjectVersion:   Dev-Automation (0DF73D61-A23F-47EA-B727-89E90C41499A): 1
LogDevObjectVersion:   FortniteMain (601D1886-AC64-4F84-AA16-D3DE0DEAC7D6): 47
LogDevObjectVersion:   FortniteRelease (E7086368-6B23-4C58-8439-1B7016265E91): 1
LogDevObjectVersion:   Dev-Enterprise (9DFFBCD6-494F-0158-E221-12823C92A888): 10
LogDevObjectVersion:   Dev-Niagara (F2AED0AC-9AFE-416F-8664-AA7FFA26D6FC): 1
LogDevObjectVersion:   Dev-Destruction (174F1F0B-B4C6-45A5-B13F-2EE8D0FB917D): 10
LogDevObjectVersion:   Dev-Physics-Ext (35F94A83-E258-406C-A318-09F59610247C): 41
LogDevObjectVersion:   Dev-PhysicsMaterial-Chaos (B68FC16E-8B1B-42E2-B453-215C058844FE): 1
LogDevObjectVersion:   Dev-CineCamera (B2E18506-4273-CFC2-A54E-F4BB758BBA07): 1
LogDevObjectVersion:   Dev-VirtualProduction (64F58936-FD1B-42BA-BA96-7289D5D0FA4E): 1
LogDevObjectVersion:   Dev-MediaFramework (6F0ED827-A609-4895-9C91-998D90180EA4): 2
LogInit: Presizing for max 25165824 objects, including 0 objects not considered by GC, pre-allocating 0 bytes for permanent pool.
LogConfig: Applying CVar settings from Section [/Script/Engine.StreamingSettings] File [E:/Github Work/ANONPlayerCharacterProto/ANONCharacterProto/Saved/Config/Windows/Engine.ini]
LogConfig: Setting CVar [[s.MinBulkDataSizeForAsyncLoading:131072]]
LogConfig: Setting CVar [[s.AsyncLoadingThreadEnabled:0]]
LogConfig: Setting CVar [[s.EventDrivenLoaderEnabled:1]]
LogConfig: Setting CVar [[s.WarnIfTimeLimitExceeded:0]]
LogConfig: Setting CVar [[s.TimeLimitExceededMultiplier:1.5]]
LogConfig: Setting CVar [[s.TimeLimitExceededMinTime:0.005]]
LogConfig: Setting CVar [[s.UseBackgroundLevelStreaming:1]]
LogConfig: Setting CVar [[s.PriorityAsyncLoadingExtraTime:15.0]]
LogConfig: Setting CVar [[s.LevelStreamingActorsUpdateTimeLimit:5.0]]
LogConfig: Setting CVar [[s.PriorityLevelStreamingActorsUpdateExtraTime:5.0]]
LogConfig: Setting CVar [[s.LevelStreamingComponentsRegistrationGranularity:10]]
LogConfig: Setting CVar [[s.UnregisterComponentsTimeLimit:1.0]]
LogConfig: Setting CVar [[s.LevelStreamingComponentsUnregistrationGranularity:5]]
LogConfig: Setting CVar [[s.FlushStreamingOnExit:1]]
LogInit: Object subsystem initialized
LogConfig: Setting CVar [[con.DebugEarlyDefault:1]]
LogConfig: Setting CVar [[r.setres:1280x720]]
[2023.07.07-01.03.19:894][  0]LogConfig: Setting CVar [[con.DebugEarlyDefault:1]]
[2023.07.07-01.03.19:894][  0]LogConfig: Setting CVar [[r.setres:1280x720]]
[2023.07.07-01.03.19:894][  0]LogConfig: Applying CVar settings from Section [/Script/Engine.RendererSettings] File [E:/Github Work/ANONPlayerCharacterProto/ANONCharacterProto/Saved/Config/Windows/Engine.ini]
[2023.07.07-01.03.19:894][  0]LogConfig: Setting CVar [[r.GPUCrashDebugging:0]]
[2023.07.07-01.03.19:894][  0]LogConfig: Applying CVar settings from Section [/Script/Engine.RendererOverrideSettings] File [E:/Github Work/ANONPlayerCharacterProto/ANONCharacterProto/Saved/Config/Windows/Engine.ini]
[2023.07.07-01.03.19:894][  0]LogConfig: Applying CVar settings from Section [/Script/Engine.StreamingSettings] File [E:/Github Work/ANONPlayerCharacterProto/ANONCharacterProto/Saved/Config/Windows/Engine.ini]
[2023.07.07-01.03.19:894][  0]LogConfig: Setting CVar [[s.MinBulkDataSizeForAsyncLoading:131072]]
[2023.07.07-01.03.19:894][  0]LogConfig: Setting CVar [[s.AsyncLoadingThreadEnabled:0]]
[2023.07.07-01.03.19:894][  0]LogConfig: Setting CVar [[s.EventDrivenLoaderEnabled:1]]
[2023.07.07-01.03.19:894][  0]LogConfig: Setting CVar [[s.WarnIfTimeLimitExceeded:0]]
[2023.07.07-01.03.19:894][  0]LogConfig: Setting CVar [[s.TimeLimitExceededMultiplier:1.5]]
[2023.07.07-01.03.19:894][  0]LogConfig: Setting CVar [[s.TimeLimitExceededMinTime:0.005]]
[2023.07.07-01.03.19:894][  0]LogConfig: Setting CVar [[s.UseBackgroundLevelStreaming:1]]
[2023.07.07-01.03.19:894][  0]LogConfig: Setting CVar [[s.PriorityAsyncLoadingExtraTime:15.0]]
[2023.07.07-01.03.19:894][  0]LogConfig: Setting CVar [[s.LevelStreamingActorsUpdateTimeLimit:5.0]]
[2023.07.07-01.03.19:894][  0]LogConfig: Setting CVar [[s.PriorityLevelStreamingActorsUpdateExtraTime:5.0]]
[2023.07.07-01.03.19:894][  0]LogConfig: Setting CVar [[s.LevelStreamingComponentsRegistrationGranularity:10]]
[2023.07.07-01.03.19:894][  0]LogConfig: Setting CVar [[s.UnregisterComponentsTimeLimit:1.0]]
[2023.07.07-01.03.19:894][  0]LogConfig: Setting CVar [[s.LevelStreamingComponentsUnregistrationGranularity:5]]
[2023.07.07-01.03.19:894][  0]LogConfig: Setting CVar [[s.FlushStreamingOnExit:1]]
[2023.07.07-01.03.19:894][  0]LogConfig: Applying CVar settings from Section [/Script/Engine.GarbageCollectionSettings] File [E:/Github Work/ANONPlayerCharacterProto/ANONCharacterProto/Saved/Config/Windows/Engine.ini]
[2023.07.07-01.03.19:894][  0]LogConfig: Setting CVar [[gc.MaxObjectsNotConsideredByGC:1]]
[2023.07.07-01.03.19:894][  0]LogConfig: Setting CVar [[gc.SizeOfPermanentObjectPool:0]]
[2023.07.07-01.03.19:894][  0]LogConfig: Setting CVar [[gc.FlushStreamingOnGC:0]]
[2023.07.07-01.03.19:894][  0]LogConfig: Setting CVar [[gc.NumRetriesBeforeForcingGC:10]]
[2023.07.07-01.03.19:894][  0]LogConfig: Setting CVar [[gc.AllowParallelGC:1]]
[2023.07.07-01.03.19:894][  0]LogConfig: Setting CVar [[gc.TimeBetweenPurgingPendingKillObjects:61.1]]
[2023.07.07-01.03.19:894][  0]LogConfig: Setting CVar [[gc.MaxObjectsInEditor:25165824]]
[2023.07.07-01.03.19:894][  0]LogConfig: Setting CVar [[gc.IncrementalBeginDestroyEnabled:1]]
[2023.07.07-01.03.19:894][  0]LogConfig: Setting CVar [[gc.CreateGCClusters:1]]
[2023.07.07-01.03.19:894][  0]LogConfig: Setting CVar [[gc.MinGCClusterSize:5]]
[2023.07.07-01.03.19:894][  0]LogConfig: Setting CVar [[gc.ActorClusteringEnabled:0]]
[2023.07.07-01.03.19:894][  0]LogConfig: Setting CVar [[gc.BlueprintClusteringEnabled:0]]
[2023.07.07-01.03.19:894][  0]LogConfig: Setting CVar [[gc.UseDisregardForGCOnDedicatedServers:0]]
[2023.07.07-01.03.19:894][  0]LogConfig: Setting CVar [[gc.MultithreadedDestructionEnabled:1]]
[2023.07.07-01.03.19:894][  0]LogConfig: Applying CVar settings from Section [/Script/Engine.NetworkSettings] File [E:/Github Work/ANONPlayerCharacterProto/ANONCharacterProto/Saved/Config/Windows/Engine.ini]
[2023.07.07-01.03.19:894][  0]LogConfig: Applying CVar settings from Section [/Script/UnrealEd.CookerSettings] File [E:/Github Work/ANONPlayerCharacterProto/ANONCharacterProto/Saved/Config/Windows/Engine.ini]
[2023.07.07-01.03.19:910][  0]LogConfig: Applying CVar settings from Section [ViewDistanceQuality@3] File [E:/Github Work/ANONPlayerCharacterProto/ANONCharacterProto/Saved/Config/Windows/Scalability.ini]
[2023.07.07-01.03.19:910][  0]LogConfig: Setting CVar [[r.SkeletalMeshLODBias:0]]
[2023.07.07-01.03.19:910][  0]LogConfig: Setting CVar [[r.ViewDistanceScale:1.0]]
[2023.07.07-01.03.19:910][  0]LogConfig: Applying CVar settings from Section [AntiAliasingQuality@3] File [E:/Github Work/ANONPlayerCharacterProto/ANONCharacterProto/Saved/Config/Windows/Scalability.ini]
[2023.07.07-01.03.19:910][  0]LogConfig: Setting CVar [[r.PostProcessAAQuality:4]]
[2023.07.07-01.03.19:910][  0]LogConfig: Applying CVar settings from Section [ShadowQuality@3] File [E:/Github Work/ANONPlayerCharacterProto/ANONCharacterProto/Saved/Config/Windows/Scalability.ini]
[2023.07.07-01.03.19:910][  0]LogConfig: Setting CVar [[r.LightFunctionQuality:1]]
[2023.07.07-01.03.19:910][  0]LogConfig: Setting CVar [[r.ShadowQuality:5]]
[2023.07.07-01.03.19:910][  0]LogConfig: Setting CVar [[r.Shadow.CSM.MaxCascades:10]]
[2023.07.07-01.03.19:910][  0]LogConfig: Setting CVar [[r.Shadow.MaxResolution:2048]]
[2023.07.07-01.03.19:910][  0]LogConfig: Setting CVar [[r.Shadow.MaxCSMResolution:2048]]
[2023.07.07-01.03.19:910][  0]LogConfig: Setting CVar [[r.Shadow.RadiusThreshold:0.01]]
[2023.07.07-01.03.19:910][  0]LogConfig: Setting CVar [[r.Shadow.DistanceScale:1.0]]
[2023.07.07-01.03.19:911][  0]LogConfig: Setting CVar [[r.Shadow.CSM.TransitionScale:1.0]]
[2023.07.07-01.03.19:911][  0]LogConfig: Setting CVar [[r.Shadow.PreShadowResolutionFactor:1.0]]
[2023.07.07-01.03.19:911][  0]LogConfig: Setting CVar [[r.DistanceFieldShadowing:1]]
[2023.07.07-01.03.19:911][  0]LogConfig: Setting CVar [[r.DistanceFieldAO:1]]
[2023.07.07-01.03.19:911][  0]LogConfig: Setting CVar [[r.AOQuality:2]]
[2023.07.07-01.03.19:911][  0]LogConfig: Setting CVar [[r.VolumetricFog:1]]
[2023.07.07-01.03.19:911][  0]LogConfig: Setting CVar [[r.VolumetricFog.GridPixelSize:8]]
[2023.07.07-01.03.19:911][  0]LogConfig: Setting CVar [[r.VolumetricFog.GridSizeZ:128]]
[2023.07.07-01.03.19:911][  0]LogConfig: Setting CVar [[r.VolumetricFog.HistoryMissSupersampleCount:4]]
[2023.07.07-01.03.19:911][  0]LogConfig: Setting CVar [[r.LightMaxDrawDistanceScale:1]]
[2023.07.07-01.03.19:911][  0]LogConfig: Setting CVar [[r.CapsuleShadows:1]]
[2023.07.07-01.03.19:911][  0]LogConfig: Applying CVar settings from Section [PostProcessQuality@3] File [E:/Github Work/ANONPlayerCharacterProto/ANONCharacterProto/Saved/Config/Windows/Scalability.ini]
[2023.07.07-01.03.19:911][  0]LogConfig: Setting CVar [[r.MotionBlurQuality:4]]
[2023.07.07-01.03.19:911][  0]LogConfig: Setting CVar [[r.AmbientOcclusionMipLevelFactor:0.4]]
[2023.07.07-01.03.19:911][  0]LogConfig: Setting CVar [[r.AmbientOcclusionMaxQuality:100]]
[2023.07.07-01.03.19:911][  0]LogConfig: Setting CVar [[r.AmbientOcclusionLevels:-1]]
[2023.07.07-01.03.19:911][  0]LogConfig: Setting CVar [[r.AmbientOcclusionRadiusScale:1.0]]
[2023.07.07-01.03.19:911][  0]LogConfig: Setting CVar [[r.DepthOfFieldQuality:2]]
[2023.07.07-01.03.19:911][  0]LogConfig: Setting CVar [[r.RenderTargetPoolMin:400]]
[2023.07.07-01.03.19:911][  0]LogConfig: Setting CVar [[r.LensFlareQuality:2]]
[2023.07.07-01.03.19:911][  0]LogConfig: Setting CVar [[r.SceneColorFringeQuality:1]]
[2023.07.07-01.03.19:911][  0]LogConfig: Setting CVar [[r.EyeAdaptationQuality:2]]
[2023.07.07-01.03.19:911][  0]LogConfig: Setting CVar [[r.BloomQuality:5]]
[2023.07.07-01.03.19:911][  0]LogConfig: Setting CVar [[r.FastBlurThreshold:100]]
[2023.07.07-01.03.19:911][  0]LogConfig: Setting CVar [[r.Upscale.Quality:3]]
[2023.07.07-01.03.19:911][  0]LogConfig: Setting CVar [[r.Tonemapper.GrainQuantization:1]]
[2023.07.07-01.03.19:911][  0]LogConfig: Setting CVar [[r.LightShaftQuality:1]]
[2023.07.07-01.03.19:911][  0]LogConfig: Setting CVar [[r.Filter.SizeScale:1]]
[2023.07.07-01.03.19:911][  0]LogConfig: Setting CVar [[r.Tonemapper.Quality:5]]
[2023.07.07-01.03.19:911][  0]LogConfig: Setting CVar [[r.DOF.Gather.AccumulatorQuality:1        ; higher gathering accumulator quality]]
[2023.07.07-01.03.19:911][  0]LogConfig: Setting CVar [[r.DOF.Gather.PostfilterMethod:1          ; Median3x3 postfilering method]]
[2023.07.07-01.03.19:911][  0]LogConfig: Setting CVar [[r.DOF.Gather.EnableBokehSettings:0       ; no bokeh simulation when gathering]]
[2023.07.07-01.03.19:911][  0]LogConfig: Setting CVar [[r.DOF.Gather.RingCount:4                 ; medium number of samples when gathering]]
[2023.07.07-01.03.19:911][  0]LogConfig: Setting CVar [[r.DOF.Scatter.ForegroundCompositing:1    ; additive foreground scattering]]
[2023.07.07-01.03.19:911][  0]LogConfig: Setting CVar [[r.DOF.Scatter.BackgroundCompositing:2    ; additive background scattering]]
[2023.07.07-01.03.19:911][  0]LogConfig: Setting CVar [[r.DOF.Scatter.EnableBokehSettings:1      ; bokeh simulation when scattering]]
[2023.07.07-01.03.19:911][  0]LogConfig: Setting CVar [[r.DOF.Scatter.MaxSpriteRatio:0.1         ; only a maximum of 10% of scattered bokeh]]
[2023.07.07-01.03.19:911][  0]LogConfig: Setting CVar [[r.DOF.Recombine.Quality:1                ; cheap slight out of focus]]
[2023.07.07-01.03.19:911][  0]LogConfig: Setting CVar [[r.DOF.Recombine.EnableBokehSettings:0    ; no bokeh simulation on slight out of focus]]
[2023.07.07-01.03.19:911][  0]LogConfig: Setting CVar [[r.DOF.TemporalAAQuality:1                ; more stable temporal accumulation]]
[2023.07.07-01.03.19:911][  0]LogConfig: Setting CVar [[r.DOF.Kernel.MaxForegroundRadius:0.025]]
[2023.07.07-01.03.19:911][  0]LogConfig: Setting CVar [[r.DOF.Kernel.MaxBackgroundRadius:0.025]]
[2023.07.07-01.03.19:911][  0]LogConfig: Applying CVar settings from Section [TextureQuality@3] File [E:/Github Work/ANONPlayerCharacterProto/ANONCharacterProto/Saved/Config/Windows/Scalability.ini]
[2023.07.07-01.03.19:911][  0]LogConfig: Setting CVar [[r.Streaming.MipBias:0]]
[2023.07.07-01.03.19:911][  0]LogConfig: Setting CVar [[r.Streaming.AmortizeCPUToGPUCopy:0]]
[2023.07.07-01.03.19:911][  0]LogConfig: Setting CVar [[r.Streaming.MaxNumTexturesToStreamPerFrame:0]]
[2023.07.07-01.03.19:911][  0]LogConfig: Setting CVar [[r.Streaming.Boost:1]]
[2023.07.07-01.03.19:911][  0]LogConfig: Setting CVar [[r.MaxAnisotropy:8]]
[2023.07.07-01.03.19:911][  0]LogConfig: Setting CVar [[r.VT.MaxAnisotropy:8]]
[2023.07.07-01.03.19:911][  0]LogConfig: Setting CVar [[r.Streaming.LimitPoolSizeToVRAM:0]]
[2023.07.07-01.03.19:911][  0]LogConfig: Setting CVar [[r.Streaming.PoolSize:1000]]
[2023.07.07-01.03.19:911][  0]LogConfig: Setting CVar [[r.Streaming.MaxEffectiveScreenSize:0]]
[2023.07.07-01.03.19:911][  0]LogConfig: Applying CVar settings from Section [EffectsQuality@3] File [E:/Github Work/ANONPlayerCharacterProto/ANONCharacterProto/Saved/Config/Windows/Scalability.ini]
[2023.07.07-01.03.19:911][  0]LogConfig: Setting CVar [[r.TranslucencyLightingVolumeDim:64]]
[2023.07.07-01.03.19:911][  0]LogConfig: Setting CVar [[r.RefractionQuality:2]]
[2023.07.07-01.03.19:911][  0]LogConfig: Setting CVar [[r.SSR.Quality:3]]
[2023.07.07-01.03.19:911][  0]LogConfig: Setting CVar [[r.SSR.HalfResSceneColor:0]]
[2023.07.07-01.03.19:911][  0]LogConfig: Setting CVar [[r.SceneColorFormat:4]]
[2023.07.07-01.03.19:911][  0]LogConfig: Setting CVar [[r.DetailMode:2]]
[2023.07.07-01.03.19:911][  0]LogConfig: Setting CVar [[r.TranslucencyVolumeBlur:1]]
[2023.07.07-01.03.19:911][  0]LogConfig: Setting CVar [[r.MaterialQualityLevel:1 ; High quality]]
[2023.07.07-01.03.19:911][  0]LogConfig: Setting CVar [[r.AnisotropicMaterials:1]]
[2023.07.07-01.03.19:911][  0]LogConfig: Setting CVar [[r.SSS.Scale:1]]
[2023.07.07-01.03.19:911][  0]LogConfig: Setting CVar [[r.SSS.SampleSet:2]]
[2023.07.07-01.03.19:911][  0]LogConfig: Setting CVar [[r.SSS.Quality:1]]
[2023.07.07-01.03.19:911][  0]LogConfig: Setting CVar [[r.SSS.HalfRes:0]]
[2023.07.07-01.03.19:911][  0]LogConfig: Setting CVar [[r.SSGI.Quality:3]]
[2023.07.07-01.03.19:911][  0]LogConfig: Setting CVar [[r.EmitterSpawnRateScale:1.0]]
[2023.07.07-01.03.19:911][  0]LogConfig: Setting CVar [[r.ParticleLightQuality:2]]
[2023.07.07-01.03.19:911][  0]LogConfig: Setting CVar [[r.SkyAtmosphere.AerialPerspectiveLUT.FastApplyOnOpaque:1 ; Always have FastSkyLUT 1 in this case to avoid wrong sky]]
[2023.07.07-01.03.19:911][  0]LogConfig: Setting CVar [[r.SkyAtmosphere.AerialPerspectiveLUT.SampleCountMaxPerSlice:4]]
[2023.07.07-01.03.19:911][  0]LogConfig: Setting CVar [[r.SkyAtmosphere.AerialPerspectiveLUT.DepthResolution:16.0]]
[2023.07.07-01.03.19:911][  0]LogConfig: Setting CVar [[r.SkyAtmosphere.FastSkyLUT:1]]
[2023.07.07-01.03.19:911][  0]LogConfig: Setting CVar [[r.SkyAtmosphere.FastSkyLUT.SampleCountMin:4.0]]
[2023.07.07-01.03.19:911][  0]LogConfig: Setting CVar [[r.SkyAtmosphere.FastSkyLUT.SampleCountMax:128.0]]
[2023.07.07-01.03.19:911][  0]LogConfig: Setting CVar [[r.SkyAtmosphere.SampleCountMin:4.0]]
[2023.07.07-01.03.19:911][  0]LogConfig: Setting CVar [[r.SkyAtmosphere.SampleCountMax:128.0]]
[2023.07.07-01.03.19:911][  0]LogConfig: Setting CVar [[r.SkyAtmosphere.TransmittanceLUT.UseSmallFormat:0]]
[2023.07.07-01.03.19:911][  0]LogConfig: Setting CVar [[r.SkyAtmosphere.TransmittanceLUT.SampleCount:10.0]]
[2023.07.07-01.03.19:911][  0]LogConfig: Setting CVar [[r.SkyAtmosphere.MultiScatteringLUT.SampleCount:15.0]]
[2023.07.07-01.03.19:911][  0]LogConfig: Setting CVar [[r.SkyLight.RealTimeReflectionCapture:1]]
[2023.07.07-01.03.19:912][  0]LogConfig: Applying CVar settings from Section [FoliageQuality@3] File [E:/Github Work/ANONPlayerCharacterProto/ANONCharacterProto/Saved/Config/Windows/Scalability.ini]
[2023.07.07-01.03.19:912][  0]LogConfig: Setting CVar [[foliage.DensityScale:1.0]]
[2023.07.07-01.03.19:912][  0]LogConfig: Setting CVar [[grass.DensityScale:1.0]]
[2023.07.07-01.03.19:912][  0]LogConfig: Applying CVar settings from Section [ShadingQuality@3] File [E:/Github Work/ANONPlayerCharacterProto/ANONCharacterProto/Saved/Config/Windows/Scalability.ini]
[2023.07.07-01.03.19:912][  0]LogConfig: Setting CVar [[r.HairStrands.SkyLighting.IntegrationType:2]]
[2023.07.07-01.03.19:912][  0]LogConfig: Setting CVar [[r.HairStrands.SkyAO.SampleCount:4]]
[2023.07.07-01.03.19:912][  0]LogConfig: Setting CVar [[r.HairStrands.Visibility.MSAA.SamplePerPixel:4]]
[2023.07.07-01.03.19:912][  0]LogInit: Selected Device Profile: [Windows]
[2023.07.07-01.03.19:912][  0]LogInit: Applying CVar settings loaded from the selected device profile: [Windows]
[2023.07.07-01.03.19:912][  0]LogHAL: Display: Platform has ~ 16 GB [16920629248 / 17179869184 / 16], which maps to Larger [LargestMinGB=32, LargerMinGB=12, DefaultMinGB=8, SmallerMinGB=6, SmallestMinGB=0)
[2023.07.07-01.03.19:912][  0]LogInit: Going up to parent DeviceProfile []
[2023.07.07-01.03.19:912][  0]LogConfig: Applying CVar settings from Section [ViewDistanceQuality@3] File [E:/Github Work/ANONPlayerCharacterProto/ANONCharacterProto/Saved/Config/Windows/Scalability.ini]
[2023.07.07-01.03.19:912][  0]LogConfig: Setting CVar [[r.SkeletalMeshLODBias:0]]
[2023.07.07-01.03.19:912][  0]LogConfig: Setting CVar [[r.ViewDistanceScale:1.0]]
[2023.07.07-01.03.19:912][  0]LogConfig: Applying CVar settings from Section [AntiAliasingQuality@3] File [E:/Github Work/ANONPlayerCharacterProto/ANONCharacterProto/Saved/Config/Windows/Scalability.ini]
[2023.07.07-01.03.19:912][  0]LogConfig: Setting CVar [[r.PostProcessAAQuality:4]]
[2023.07.07-01.03.19:912][  0]LogConfig: Applying CVar settings from Section [ShadowQuality@3] File [E:/Github Work/ANONPlayerCharacterProto/ANONCharacterProto/Saved/Config/Windows/Scalability.ini]
[2023.07.07-01.03.19:912][  0]LogConfig: Setting CVar [[r.LightFunctionQuality:1]]
[2023.07.07-01.03.19:912][  0]LogConfig: Setting CVar [[r.ShadowQuality:5]]
[2023.07.07-01.03.19:912][  0]LogConfig: Setting CVar [[r.Shadow.CSM.MaxCascades:10]]
[2023.07.07-01.03.19:912][  0]LogConfig: Setting CVar [[r.Shadow.MaxResolution:2048]]
[2023.07.07-01.03.19:912][  0]LogConfig: Setting CVar [[r.Shadow.MaxCSMResolution:2048]]
[2023.07.07-01.03.19:912][  0]LogConfig: Setting CVar [[r.Shadow.RadiusThreshold:0.01]]
[2023.07.07-01.03.19:912][  0]LogConfig: Setting CVar [[r.Shadow.DistanceScale:1.0]]
[2023.07.07-01.03.19:912][  0]LogConfig: Setting CVar [[r.Shadow.CSM.TransitionScale:1.0]]
[2023.07.07-01.03.19:912][  0]LogConfig: Setting CVar [[r.Shadow.PreShadowResolutionFactor:1.0]]
[2023.07.07-01.03.19:912][  0]LogConfig: Setting CVar [[r.DistanceFieldShadowing:1]]
[2023.07.07-01.03.19:912][  0]LogConfig: Setting CVar [[r.DistanceFieldAO:1]]
[2023.07.07-01.03.19:912][  0]LogConfig: Setting CVar [[r.AOQuality:2]]
[2023.07.07-01.03.19:912][  0]LogConfig: Setting CVar [[r.VolumetricFog:1]]
[2023.07.07-01.03.19:912][  0]LogConfig: Setting CVar [[r.VolumetricFog.GridPixelSize:8]]
[2023.07.07-01.03.19:912][  0]LogConfig: Setting CVar [[r.VolumetricFog.GridSizeZ:128]]
[2023.07.07-01.03.19:912][  0]LogConfig: Setting CVar [[r.VolumetricFog.HistoryMissSupersampleCount:4]]
[2023.07.07-01.03.19:912][  0]LogConfig: Setting CVar [[r.LightMaxDrawDistanceScale:1]]
[2023.07.07-01.03.19:912][  0]LogConfig: Setting CVar [[r.CapsuleShadows:1]]
[2023.07.07-01.03.19:912][  0]LogConfig: Applying CVar settings from Section [PostProcessQuality@3] File [E:/Github Work/ANONPlayerCharacterProto/ANONCharacterProto/Saved/Config/Windows/Scalability.ini]
[2023.07.07-01.03.19:912][  0]LogConfig: Setting CVar [[r.MotionBlurQuality:4]]
[2023.07.07-01.03.19:912][  0]LogConfig: Setting CVar [[r.AmbientOcclusionMipLevelFactor:0.4]]
[2023.07.07-01.03.19:912][  0]LogConfig: Setting CVar [[r.AmbientOcclusionMaxQuality:100]]
[2023.07.07-01.03.19:912][  0]LogConfig: Setting CVar [[r.AmbientOcclusionLevels:-1]]
[2023.07.07-01.03.19:912][  0]LogConfig: Setting CVar [[r.AmbientOcclusionRadiusScale:1.0]]
[2023.07.07-01.03.19:912][  0]LogConfig: Setting CVar [[r.DepthOfFieldQuality:2]]
[2023.07.07-01.03.19:912][  0]LogConfig: Setting CVar [[r.RenderTargetPoolMin:400]]
[2023.07.07-01.03.19:912][  0]LogConfig: Setting CVar [[r.LensFlareQuality:2]]
[2023.07.07-01.03.19:912][  0]LogConfig: Setting CVar [[r.SceneColorFringeQuality:1]]
[2023.07.07-01.03.19:912][  0]LogConfig: Setting CVar [[r.EyeAdaptationQuality:2]]
[2023.07.07-01.03.19:912][  0]LogConfig: Setting CVar [[r.BloomQuality:5]]
[2023.07.07-01.03.19:912][  0]LogConfig: Setting CVar [[r.FastBlurThreshold:100]]
[2023.07.07-01.03.19:912][  0]LogConfig: Setting CVar [[r.Upscale.Quality:3]]
[2023.07.07-01.03.19:912][  0]LogConfig: Setting CVar [[r.Tonemapper.GrainQuantization:1]]
[2023.07.07-01.03.19:912][  0]LogConfig: Setting CVar [[r.LightShaftQuality:1]]
[2023.07.07-01.03.19:912][  0]LogConfig: Setting CVar [[r.Filter.SizeScale:1]]
[2023.07.07-01.03.19:912][  0]LogConfig: Setting CVar [[r.Tonemapper.Quality:5]]
[2023.07.07-01.03.19:912][  0]LogConfig: Setting CVar [[r.DOF.Gather.AccumulatorQuality:1        ; higher gathering accumulator quality]]
[2023.07.07-01.03.19:912][  0]LogConfig: Setting CVar [[r.DOF.Gather.PostfilterMethod:1          ; Median3x3 postfilering method]]
[2023.07.07-01.03.19:912][  0]LogConfig: Setting CVar [[r.DOF.Gather.EnableBokehSettings:0       ; no bokeh simulation when gathering]]
[2023.07.07-01.03.19:912][  0]LogConfig: Setting CVar [[r.DOF.Gather.RingCount:4                 ; medium number of samples when gathering]]
[2023.07.07-01.03.19:912][  0]LogConfig: Setting CVar [[r.DOF.Scatter.ForegroundCompositing:1    ; additive foreground scattering]]
[2023.07.07-01.03.19:912][  0]LogConfig: Setting CVar [[r.DOF.Scatter.BackgroundCompositing:2    ; additive background scattering]]
[2023.07.07-01.03.19:912][  0]LogConfig: Setting CVar [[r.DOF.Scatter.EnableBokehSettings:1      ; bokeh simulation when scattering]]
[2023.07.07-01.03.19:912][  0]LogConfig: Setting CVar [[r.DOF.Scatter.MaxSpriteRatio:0.1         ; only a maximum of 10% of scattered bokeh]]
[2023.07.07-01.03.19:912][  0]LogConfig: Setting CVar [[r.DOF.Recombine.Quality:1                ; cheap slight out of focus]]
[2023.07.07-01.03.19:912][  0]LogConfig: Setting CVar [[r.DOF.Recombine.EnableBokehSettings:0    ; no bokeh simulation on slight out of focus]]
[2023.07.07-01.03.19:912][  0]LogConfig: Setting CVar [[r.DOF.TemporalAAQuality:1                ; more stable temporal accumulation]]
[2023.07.07-01.03.19:912][  0]LogConfig: Setting CVar [[r.DOF.Kernel.MaxForegroundRadius:0.025]]
[2023.07.07-01.03.19:912][  0]LogConfig: Setting CVar [[r.DOF.Kernel.MaxBackgroundRadius:0.025]]
[2023.07.07-01.03.19:912][  0]LogConfig: Applying CVar settings from Section [TextureQuality@3] File [E:/Github Work/ANONPlayerCharacterProto/ANONCharacterProto/Saved/Config/Windows/Scalability.ini]
[2023.07.07-01.03.19:912][  0]LogConfig: Setting CVar [[r.Streaming.MipBias:0]]
[2023.07.07-01.03.19:912][  0]LogConfig: Setting CVar [[r.Streaming.AmortizeCPUToGPUCopy:0]]
[2023.07.07-01.03.19:912][  0]LogConfig: Setting CVar [[r.Streaming.MaxNumTexturesToStreamPerFrame:0]]
[2023.07.07-01.03.19:913][  0]LogConfig: Setting CVar [[r.Streaming.Boost:1]]
[2023.07.07-01.03.19:913][  0]LogConfig: Setting CVar [[r.MaxAnisotropy:8]]
[2023.07.07-01.03.19:913][  0]LogConfig: Setting CVar [[r.VT.MaxAnisotropy:8]]
[2023.07.07-01.03.19:913][  0]LogConfig: Setting CVar [[r.Streaming.LimitPoolSizeToVRAM:0]]
[2023.07.07-01.03.19:913][  0]LogConfig: Setting CVar [[r.Streaming.PoolSize:1000]]
[2023.07.07-01.03.19:913][  0]LogConfig: Setting CVar [[r.Streaming.MaxEffectiveScreenSize:0]]
[2023.07.07-01.03.19:913][  0]LogConfig: Applying CVar settings from Section [EffectsQuality@3] File [E:/Github Work/ANONPlayerCharacterProto/ANONCharacterProto/Saved/Config/Windows/Scalability.ini]
[2023.07.07-01.03.19:913][  0]LogConfig: Setting CVar [[r.TranslucencyLightingVolumeDim:64]]
[2023.07.07-01.03.19:913][  0]LogConfig: Setting CVar [[r.RefractionQuality:2]]
[2023.07.07-01.03.19:913][  0]LogConfig: Setting CVar [[r.SSR.Quality:3]]
[2023.07.07-01.03.19:913][  0]LogConfig: Setting CVar [[r.SSR.HalfResSceneColor:0]]
[2023.07.07-01.03.19:913][  0]LogConfig: Setting CVar [[r.SceneColorFormat:4]]
[2023.07.07-01.03.19:913][  0]LogConfig: Setting CVar [[r.DetailMode:2]]
[2023.07.07-01.03.19:913][  0]LogConfig: Setting CVar [[r.TranslucencyVolumeBlur:1]]
[2023.07.07-01.03.19:913][  0]LogConfig: Setting CVar [[r.MaterialQualityLevel:1 ; High quality]]
[2023.07.07-01.03.19:913][  0]LogConfig: Setting CVar [[r.AnisotropicMaterials:1]]
[2023.07.07-01.03.19:913][  0]LogConfig: Setting CVar [[r.SSS.Scale:1]]
[2023.07.07-01.03.19:913][  0]LogConfig: Setting CVar [[r.SSS.SampleSet:2]]
[2023.07.07-01.03.19:913][  0]LogConfig: Setting CVar [[r.SSS.Quality:1]]
[2023.07.07-01.03.19:913][  0]LogConfig: Setting CVar [[r.SSS.HalfRes:0]]
[2023.07.07-01.03.19:913][  0]LogConfig: Setting CVar [[r.SSGI.Quality:3]]
[2023.07.07-01.03.19:913][  0]LogConfig: Setting CVar [[r.EmitterSpawnRateScale:1.0]]
[2023.07.07-01.03.19:913][  0]LogConfig: Setting CVar [[r.ParticleLightQuality:2]]
[2023.07.07-01.03.19:913][  0]LogConfig: Setting CVar [[r.SkyAtmosphere.AerialPerspectiveLUT.FastApplyOnOpaque:1 ; Always have FastSkyLUT 1 in this case to avoid wrong sky]]
[2023.07.07-01.03.19:913][  0]LogConfig: Setting CVar [[r.SkyAtmosphere.AerialPerspectiveLUT.SampleCountMaxPerSlice:4]]
[2023.07.07-01.03.19:913][  0]LogConfig: Setting CVar [[r.SkyAtmosphere.AerialPerspectiveLUT.DepthResolution:16.0]]
[2023.07.07-01.03.19:913][  0]LogConfig: Setting CVar [[r.SkyAtmosphere.FastSkyLUT:1]]
[2023.07.07-01.03.19:913][  0]LogConfig: Setting CVar [[r.SkyAtmosphere.FastSkyLUT.SampleCountMin:4.0]]
[2023.07.07-01.03.19:913][  0]LogConfig: Setting CVar [[r.SkyAtmosphere.FastSkyLUT.SampleCountMax:128.0]]
[2023.07.07-01.03.19:913][  0]LogConfig: Setting CVar [[r.SkyAtmosphere.SampleCountMin:4.0]]
[2023.07.07-01.03.19:913][  0]LogConfig: Setting CVar [[r.SkyAtmosphere.SampleCountMax:128.0]]
[2023.07.07-01.03.19:913][  0]LogConfig: Setting CVar [[r.SkyAtmosphere.TransmittanceLUT.UseSmallFormat:0]]
[2023.07.07-01.03.19:913][  0]LogConfig: Setting CVar [[r.SkyAtmosphere.TransmittanceLUT.SampleCount:10.0]]
[2023.07.07-01.03.19:913][  0]LogConfig: Setting CVar [[r.SkyAtmosphere.MultiScatteringLUT.SampleCount:15.0]]
[2023.07.07-01.03.19:913][  0]LogConfig: Setting CVar [[r.SkyLight.RealTimeReflectionCapture:1]]
[2023.07.07-01.03.19:913][  0]LogConfig: Applying CVar settings from Section [FoliageQuality@3] File [E:/Github Work/ANONPlayerCharacterProto/ANONCharacterProto/Saved/Config/Windows/Scalability.ini]
[2023.07.07-01.03.19:913][  0]LogConfig: Setting CVar [[foliage.DensityScale:1.0]]
[2023.07.07-01.03.19:913][  0]LogConfig: Setting CVar [[grass.DensityScale:1.0]]
[2023.07.07-01.03.19:913][  0]LogConfig: Applying CVar settings from Section [ShadingQuality@3] File [E:/Github Work/ANONPlayerCharacterProto/ANONCharacterProto/Saved/Config/Windows/Scalability.ini]
[2023.07.07-01.03.19:913][  0]LogConfig: Setting CVar [[r.HairStrands.SkyLighting.IntegrationType:2]]
[2023.07.07-01.03.19:913][  0]LogConfig: Setting CVar [[r.HairStrands.SkyAO.SampleCount:4]]
[2023.07.07-01.03.19:913][  0]LogConfig: Setting CVar [[r.HairStrands.Visibility.MSAA.SamplePerPixel:4]]
[2023.07.07-01.03.19:913][  0]LogConfig: Applying CVar settings from Section [Startup] File [../../../Engine/Config/ConsoleVariables.ini]
[2023.07.07-01.03.19:913][  0]LogConfig: Setting CVar [[net.UseAdaptiveNetUpdateFrequency:0]]
[2023.07.07-01.03.19:913][  0]LogConfig: Setting CVar [[p.chaos.AllowCreatePhysxBodies:1]]
[2023.07.07-01.03.19:913][  0]LogConfig: Setting CVar [[fx.SkipVectorVMBackendOptimizations:1]]
[2023.07.07-01.03.19:913][  0]LogConfig: Applying CVar settings from Section [ConsoleVariables] File [E:/Github Work/ANONPlayerCharacterProto/ANONCharacterProto/Saved/Config/Windows/Engine.ini]
[2023.07.07-01.03.19:913][  0]LogConfig: Applying CVar settings from Section [ConsoleVariables] File [E:/Github Work/ANONPlayerCharacterProto/ANONCharacterProto/Saved/Config/Windows/Editor.ini]
[2023.07.07-01.03.19:914][  0]LogInit: Computer: DESKTOP-L6PPMNG
[2023.07.07-01.03.19:914][  0]LogInit: User: DanielGeorge
[2023.07.07-01.03.19:914][  0]LogInit: CPU Page size=4096, Cores=4
[2023.07.07-01.03.19:914][  0]LogInit: High frequency timer resolution =10.000000 MHz
[2023.07.07-01.03.19:914][  0]LogMemory: Memory total: Physical=15.8GB (16GB approx)
[2023.07.07-01.03.19:914][  0]LogMemory: Platform Memory Stats for Windows
[2023.07.07-01.03.19:914][  0]LogMemory: Process Physical Memory: 146.20 MB used, 149.29 MB peak
[2023.07.07-01.03.19:914][  0]LogMemory: Process Virtual Memory: 130.23 MB used, 130.23 MB peak
[2023.07.07-01.03.19:914][  0]LogMemory: Physical Memory: 13472.68 MB used,  2664.09 MB free, 16136.77 MB total
[2023.07.07-01.03.19:914][  0]LogMemory: Virtual Memory: 134211824.00 MB used,  5902.12 MB free, 134217728.00 MB total
[2023.07.07-01.03.19:917][  0]LogWindows: WindowsPlatformFeatures enabled
[2023.07.07-01.03.20:115][  0]LogInit: Physics initialised using underlying interface: PhysX
[2023.07.07-01.03.20:127][  0]LogInit: Using OS detected language (en-US).
[2023.07.07-01.03.20:128][  0]LogInit: Using OS detected locale (en-CA).
[2023.07.07-01.03.20:206][  0]LogTextLocalizationManager: No specific localization for 'en-US' exists, so the 'en' localization will be used.
[2023.07.07-01.03.20:920][  0]LogWindowsTextInputMethodSystem: Display: IME system deactivated.
[2023.07.07-01.03.21:304][  0]LogSlate: New Slate User Created.  User Index 0, Is Virtual User: 0
[2023.07.07-01.03.21:304][  0]LogSlate: Slate User Registered.  User Index 0, Is Virtual User: 0
[2023.07.07-01.03.21:437][  0]LogD3D11RHI: Loaded GFSDK_Aftermath_Lib.x64.dll
[2023.07.07-01.03.21:629][  0]LogHMD: Optional extension XR_VARJO_quad_views is not available
[2023.07.07-01.03.21:630][  0]LogHMD: Warning: Required extension XR_EXT_eye_gaze_interaction is not available
[2023.07.07-01.03.21:630][  0]LogHMD: Could not enable all required OpenXR extensions for OpenXREyeTracker on current system. This plugin will be loaded but ignored, but will be enabled on a target platform that supports the required extension.
[2023.07.07-01.03.21:656][  0]LogHMD: Failed to create an OpenXR instance, result is XR_ERROR_RUNTIME_FAILURE. Please check if you have an OpenXR runtime installed. The following extensions were enabled:
[2023.07.07-01.03.21:656][  0]LogHMD: - XR_KHR_D3D11_enable
[2023.07.07-01.03.21:656][  0]LogHMD: - XR_KHR_D3D12_enable
[2023.07.07-01.03.21:656][  0]LogHMD: - XR_KHR_opengl_enable
[2023.07.07-01.03.21:657][  0]LogHMD: - XR_KHR_vulkan_enable
[2023.07.07-01.03.21:657][  0]LogHMD: - XR_KHR_composition_layer_depth
[2023.07.07-01.03.21:657][  0]LogHMD: - XR_KHR_visibility_mask
[2023.07.07-01.03.21:657][  0]LogHMD: - XR_EXT_hand_tracking
[2023.07.07-01.03.21:657][  0]LogD3D11RHI: D3D11 min allowed feature level: 11_0
[2023.07.07-01.03.21:657][  0]LogD3D11RHI: D3D11 max allowed feature level: 11_0
[2023.07.07-01.03.21:657][  0]LogD3D11RHI: D3D11 adapters:
[2023.07.07-01.03.21:862][  0]LogD3D11RHI:    0. 'NVIDIA GeForce GTX 1650' (Feature Level 11_0)
[2023.07.07-01.03.21:862][  0]LogD3D11RHI:       3949/0/8068 MB DedicatedVideo/DedicatedSystem/SharedSystem, Outputs:1, VendorId:0x10de
[2023.07.07-01.03.21:870][  0]LogD3D11RHI:    1. 'Microsoft Basic Render Driver' (Feature Level 11_0)
[2023.07.07-01.03.21:870][  0]LogD3D11RHI:       0/0/8068 MB DedicatedVideo/DedicatedSystem/SharedSystem, Outputs:0, VendorId:0x1414
[2023.07.07-01.03.21:998][  0]LogD3D11RHI:    2. 'NVIDIA GeForce GTX 1650' (Feature Level 11_0)
[2023.07.07-01.03.21:999][  0]LogD3D11RHI:       3949/0/8068 MB DedicatedVideo/DedicatedSystem/SharedSystem, Outputs:0, VendorId:0x10de
[2023.07.07-01.03.21:999][  0]LogD3D11RHI: Chosen D3D11 Adapter:
[2023.07.07-01.03.21:999][  0]LogD3D11RHI:     Description : NVIDIA GeForce GTX 1650
[2023.07.07-01.03.21:999][  0]LogD3D11RHI:     VendorId    : 10de
[2023.07.07-01.03.21:999][  0]LogD3D11RHI:     DeviceId    : 1f82
[2023.07.07-01.03.21:999][  0]LogD3D11RHI:     SubSysId    : 155619da
[2023.07.07-01.03.21:999][  0]LogD3D11RHI:     Revision    : 00a1
[2023.07.07-01.03.21:999][  0]LogD3D11RHI:     DedicatedVideoMemory : 4140826624 bytes
[2023.07.07-01.03.21:999][  0]LogD3D11RHI:     DedicatedSystemMemory : 0 bytes
[2023.07.07-01.03.21:999][  0]LogD3D11RHI:     SharedSystemMemory : 8460314624 bytes
[2023.07.07-01.03.21:999][  0]LogD3D11RHI:     AdapterLuid : 0 67231
[2023.07.07-01.03.22:014][  0]LogD3D11RHI: Creating new Direct3DDevice
[2023.07.07-01.03.22:014][  0]LogD3D11RHI:     GPU DeviceId: 0x1f82 (for the marketing name, search the web for "GPU Device Id")
[2023.07.07-01.03.22:014][  0]LogWindows: EnumDisplayDevices:
[2023.07.07-01.03.22:015][  0]LogWindows:    0. 'NVIDIA GeForce GTX 1650' (P:1 D:1)
[2023.07.07-01.03.22:015][  0]LogWindows:    1. 'NVIDIA GeForce GTX 1650' (P:0 D:0)
[2023.07.07-01.03.22:015][  0]LogWindows:    2. 'NVIDIA GeForce GTX 1650' (P:0 D:0)
[2023.07.07-01.03.22:016][  0]LogWindows:    3. 'NVIDIA GeForce GTX 1650' (P:0 D:0)
[2023.07.07-01.03.22:016][  0]LogWindows:    4. 'Parsec Virtual Display Adapter' (P:0 D:0)
[2023.07.07-01.03.22:016][  0]LogWindows:    5. 'Parsec Virtual Display Adapter' (P:0 D:0)
[2023.07.07-01.03.22:017][  0]LogWindows:    6. 'Parsec Virtual Display Adapter' (P:0 D:0)
[2023.07.07-01.03.22:017][  0]LogWindows:    7. 'Parsec Virtual Display Adapter' (P:0 D:0)
[2023.07.07-01.03.22:017][  0]LogWindows:    8. 'Parsec Virtual Display Adapter' (P:0 D:0)
[2023.07.07-01.03.22:017][  0]LogWindows:    9. 'Parsec Virtual Display Adapter' (P:0 D:0)
[2023.07.07-01.03.22:018][  0]LogWindows:    10. 'Parsec Virtual Display Adapter' (P:0 D:0)
[2023.07.07-01.03.22:018][  0]LogWindows:    11. 'Parsec Virtual Display Adapter' (P:0 D:0)
[2023.07.07-01.03.22:018][  0]LogWindows:    12. 'Parsec Virtual Display Adapter' (P:0 D:0)
[2023.07.07-01.03.22:018][  0]LogWindows:    13. 'Parsec Virtual Display Adapter' (P:0 D:0)
[2023.07.07-01.03.22:018][  0]LogWindows:    14. 'Parsec Virtual Display Adapter' (P:0 D:0)
[2023.07.07-01.03.22:019][  0]LogWindows:    15. 'Parsec Virtual Display Adapter' (P:0 D:0)
[2023.07.07-01.03.22:019][  0]LogWindows:    16. 'Parsec Virtual Display Adapter' (P:0 D:0)
[2023.07.07-01.03.22:019][  0]LogWindows:    17. 'Parsec Virtual Display Adapter' (P:0 D:0)
[2023.07.07-01.03.22:019][  0]LogWindows:    18. 'Parsec Virtual Display Adapter' (P:0 D:0)
[2023.07.07-01.03.22:019][  0]LogWindows:    19. 'Parsec Virtual Display Adapter' (P:0 D:0)
[2023.07.07-01.03.22:020][  0]LogWindows: DebugString: GetVideoDriverDetailsInvalid PrimaryIsNotTheChoosenAdapter GetVideoDriverDetailsInvalid PrimaryIsNotTheChoosenAdapter GetVideoDriverDetailsInvalid PrimaryIsNotTheChoosenAdapter GetVideoDriverDetailsInvalid PrimaryIsNotTheChoosenAdapter GetVideoDriverDetailsInvalid PrimaryIsNotTheChoosenAdapter GetVideoDriverDetailsInvalid PrimaryIsNotTheChoosenAdapter GetVideoDriverDetailsInvalid PrimaryIsNotTheChoosenAdapter GetVideoDriverDetailsInvalid PrimaryIsNotTheChoosenAdapter GetVideoDriverDetailsInvalid PrimaryIsNotTheChoosenAdapter GetVideoDriverDetailsInvalid PrimaryIsNotTheChoosenAdapter GetVideoDriverDetailsInvalid PrimaryIsNotTheChoosenAdapter GetVideoDriverDetailsInvalid PrimaryIsNotTheChoosenAdapter GetVideoDriverDetailsInvalid PrimaryIsNotTheChoosenAdapter GetVideoDriverDetailsInvalid PrimaryIsNotTheChoosenAdapter GetVideoDriverDetailsInvalid PrimaryIsNotTheChoosenAdapter GetVideoDriverDetailsInvalid PrimaryIsNotTheChoosenAdapter FoundDriverCount:4 
[2023.07.07-01.03.22:020][  0]LogD3D11RHI:     Adapter Name: NVIDIA GeForce GTX 1650
[2023.07.07-01.03.22:020][  0]LogD3D11RHI:   Driver Version: 531.79 (internal:31.0.15.3179, unified:531.79)
[2023.07.07-01.03.22:020][  0]LogD3D11RHI:      Driver Date: 4-25-2023
[2023.07.07-01.03.22:020][  0]LogRHI: Texture pool is 2764 MB (70% of 3949 MB)
[2023.07.07-01.03.22:020][  0]LogD3D11RHI: Creating D3DDevice using adapter:
[2023.07.07-01.03.22:020][  0]LogD3D11RHI:     Description : NVIDIA GeForce GTX 1650
[2023.07.07-01.03.22:020][  0]LogD3D11RHI:     VendorId    : 10de
[2023.07.07-01.03.22:020][  0]LogD3D11RHI:     DeviceId    : 1f82
[2023.07.07-01.03.22:020][  0]LogD3D11RHI:     SubSysId    : 155619da
[2023.07.07-01.03.22:020][  0]LogD3D11RHI:     Revision    : 00a1
[2023.07.07-01.03.22:020][  0]LogD3D11RHI:     DedicatedVideoMemory : 4140826624 bytes
[2023.07.07-01.03.22:020][  0]LogD3D11RHI:     DedicatedSystemMemory : 0 bytes
[2023.07.07-01.03.22:020][  0]LogD3D11RHI:     SharedSystemMemory : 8460314624 bytes
[2023.07.07-01.03.22:020][  0]LogD3D11RHI:     AdapterLuid : 0 67231
[2023.07.07-01.03.22:146][  0]LogD3D11RHI: RHI has support for 64 bit atomics
[2023.07.07-01.03.22:147][  0]LogD3D11RHI: Async texture creation enabled
[2023.07.07-01.03.22:147][  0]LogD3D11RHI: Array index from any shader is supported
[2023.07.07-01.03.22:562][  0]LogD3D11RHI: GPU Timing Frequency: 1000.000000 (Debug: 2 1)
[2023.07.07-01.03.22:718][  0]LogRHI: GeForceNow SDK initialized: 1
[2023.07.07-01.03.23:664][  0]LogTargetPlatformManager: Display: Loaded TargetPlatform 'WindowsNoEditor'
[2023.07.07-01.03.23:681][  0]LogTargetPlatformManager: Display: Loaded TargetPlatform 'Windows'
[2023.07.07-01.03.23:700][  0]LogTargetPlatformManager: Display: Loaded TargetPlatform 'WindowsClient'
[2023.07.07-01.03.23:717][  0]LogTargetPlatformManager: Display: Loaded TargetPlatform 'WindowsServer'
[2023.07.07-01.03.23:717][  0]LogTargetPlatformManager: Display: Building Assets For Windows
[2023.07.07-01.03.23:838][  0]LogAudioDebug: Display: Lib vorbis DLL was dynamically loaded.
[2023.07.07-01.03.24:161][  0]LogTextureFormatOodle: Display: Oodle Texture 2.9.0 init RDO Off
[2023.07.07-01.03.24:879][  0]LogRendererCore: Ray tracing is disabled. Reason: r.RayTracing=0.
[2023.07.07-01.03.24:907][  0]LogShaderCompilers: Guid format shader working directory is -17 characters bigger than the processId version (../../../../../Github Work/ANONPlayerCharacterProto/ANONCharacterProto/Intermediate/Shaders/WorkingDirectory/16312/).
[2023.07.07-01.03.24:908][  0]LogShaderCompilers: Cleaned the shader compiler working directory 'C:/Users/Daniel George/AppData/Local/Temp/UnrealShaderWorkingDir/1E39A8404C41599788DCF2AF5CFBB77B/'.
[2023.07.07-01.03.24:925][  0]LogXGEController: Cannot use XGE Controller as Incredibuild is not installed on this machine.
[2023.07.07-01.03.24:925][  0]LogShaderCompilers: Cannot use XGE Shader Compiler as Incredibuild is not installed on this machine.
[2023.07.07-01.03.24:925][  0]LogShaderCompilers: Display: Using Local Shader Compiler.
[2023.07.07-01.03.31:317][  0]LogDerivedDataCache: Display: Max Cache Size: 512 MB
[2023.07.07-01.03.32:336][  0]LogDerivedDataCache: Loaded boot cache 1.02s 94MB C:/Users/Daniel George/AppData/Local/UnrealEngine/4.27/DerivedDataCache/Boot.ddc.
[2023.07.07-01.03.32:336][  0]LogDerivedDataCache: Display: Loaded Boot cache: C:/Users/Daniel George/AppData/Local/UnrealEngine/4.27/DerivedDataCache/Boot.ddc
[2023.07.07-01.03.32:346][  0]LogDerivedDataCache: FDerivedDataBackendGraph:  Pak pak cache file ../../../../../Github Work/ANONPlayerCharacterProto/ANONCharacterProto/DerivedDataCache/DDC.ddp not found, will not use a pak cache.
[2023.07.07-01.03.32:346][  0]LogDerivedDataCache: Unable to find inner node Pak for hierarchical cache Hierarchy.
[2023.07.07-01.03.32:346][  0]LogDerivedDataCache: FDerivedDataBackendGraph:  CompressedPak pak cache file ../../../../../Github Work/ANONPlayerCharacterProto/ANONCharacterProto/DerivedDataCache/Compressed.ddp not found, will not use a pak cache.
[2023.07.07-01.03.32:346][  0]LogDerivedDataCache: Unable to find inner node CompressedPak for hierarchical cache Hierarchy.
[2023.07.07-01.03.32:382][  0]LogDerivedDataCache: Display: Pak cache opened for reading ../../../Engine/DerivedDataCache/Compressed.ddp.
[2023.07.07-01.03.32:383][  0]LogDerivedDataCache: FDerivedDataBackendGraph:  EnterprisePak pak cache file ../../../Enterprise/DerivedDataCache/Compressed.ddp not found, will not use a pak cache.
[2023.07.07-01.03.32:383][  0]LogDerivedDataCache: Unable to find inner node EnterprisePak for hierarchical cache Hierarchy.
[2023.07.07-01.03.32:420][  0]LogDerivedDataCache: Speed tests for C:/Users/Daniel George/AppData/Local/UnrealEngine/Common/DerivedDataCache took 0.03 seconds
[2023.07.07-01.03.32:420][  0]LogDerivedDataCache: Display: Performance to C:/Users/Daniel George/AppData/Local/UnrealEngine/Common/DerivedDataCache: Latency=0.23ms. RandomReadSpeed=63.28MBs, RandomWriteSpeed=90.30MBs. Assigned SpeedClass 'Local'
[2023.07.07-01.03.32:420][  0]LogDerivedDataCache: Using Local data cache path C:/Users/Daniel George/AppData/Local/UnrealEngine/Common/DerivedDataCache: Writable
[2023.07.07-01.03.32:421][  0]LogDerivedDataCache: Shared data cache path not found in *engine.ini, will not use an Shared cache.
[2023.07.07-01.03.32:421][  0]LogDerivedDataCache: Unable to find inner node Shared for hierarchical cache Hierarchy.
[2023.07.07-01.03.32:567][  0]LogSlate: Using FreeType 2.10.0
[2023.07.07-01.03.32:624][  0]LogSlate: SlateFontServices - WITH_FREETYPE: 1, WITH_HARFBUZZ: 1
[2023.07.07-01.03.32:641][  0]LogHMD: Optional extension XR_VARJO_quad_views is not available
[2023.07.07-01.03.32:641][  0]LogHMD: Warning: Required extension XR_EXT_eye_gaze_interaction is not available
[2023.07.07-01.03.32:641][  0]LogHMD: Could not enable all required OpenXR extensions for OpenXREyeTracker on current system. This plugin will be loaded but ignored, but will be enabled on a target platform that supports the required extension.
[2023.07.07-01.03.32:665][  0]LogHMD: Failed to create an OpenXR instance, result is XR_ERROR_RUNTIME_FAILURE. Please check if you have an OpenXR runtime installed. The following extensions were enabled:
[2023.07.07-01.03.32:665][  0]LogHMD: - XR_KHR_D3D11_enable
[2023.07.07-01.03.32:665][  0]LogHMD: - XR_KHR_D3D12_enable
[2023.07.07-01.03.32:665][  0]LogHMD: - XR_KHR_opengl_enable
[2023.07.07-01.03.32:665][  0]LogHMD: - XR_KHR_vulkan_enable
[2023.07.07-01.03.32:665][  0]LogHMD: - XR_KHR_composition_layer_depth
[2023.07.07-01.03.32:665][  0]LogHMD: - XR_KHR_visibility_mask
[2023.07.07-01.03.32:665][  0]LogHMD: - XR_EXT_hand_tracking
[2023.07.07-01.03.34:030][  0]LogInit: Using OS detected language (en-US).
[2023.07.07-01.03.34:030][  0]LogInit: Using OS detected locale (en-CA).
[2023.07.07-01.03.34:030][  0]LogTextLocalizationManager: No localization for 'en-US' exists, so 'en' will be used for the language.
[2023.07.07-01.03.34:031][  0]LogTextLocalizationManager: No localization for 'en-CA' exists, so 'en' will be used for the locale.
[2023.07.07-01.03.34:031][  0]LogSlate: FontCache flush requested. Reason: Culture for localization was changed
[2023.07.07-01.03.34:031][  0]LogSlate: FontCache flush requested. Reason: Culture for localization was changed
[2023.07.07-01.03.34:061][  0]LogTextLocalizationManager: Compacting localization data took   0.01ms
[2023.07.07-01.03.34:061][  0]LogAssetRegistry: FAssetRegistry took 0.0036 seconds to start up
[2023.07.07-01.03.36:880][  0]LogPackageLocalizationCache: Processed 27 localized package path(s) for 1 prioritized culture(s) in 0.004899 seconds
[2023.07.07-01.03.37:025][  0]LogInit: Selected Device Profile: [Windows]
[2023.07.07-01.03.37:025][  0]LogInit: Active device profile: [000001E3744A4F00][000001E36C668840 49] Windows
[2023.07.07-01.03.37:025][  0]LogInit: Profiles: [000001E3744A4F00][000001E36C668840 49] Windows, [000001E374482C00][000001E36C6709C0 49] WindowsNoEditor, [000001E3744A5F00][000001E36C924B40 49] WindowsServer, [000001E374481E00][000001E36C928CC0 49] WindowsClient, [000001E3744A5000][000001E36C92CE40 49] IOS, [000001E374481800][000001E36C930FC0 49] iPadAir, [000001E3744A7300][000001E36C935140 49] iPadAir2, [000001E374425300][000001E36C93D400 49] IPadPro, [000001E374425400][000001E36C939440 49] iPadAir3, [000001E374480B00][000001E36C9415C0 49] iPadAir4, [000001E374426100][000001E36C945740 49] iPadMini2, [000001E374483C00][000001E36C9498C0 49] iPadMini3, [000001E374426C00][000001E36C66DA00 49] iPadMini4, [000001E374482F00][000001E36C94DB40 49] iPadMini5, [000001E374464E00][000001E36C958240 49] iPhone6, [000001E374464F00][000001E36C950280 49] iPodTouch6, [000001E3744A6800][000001E36C960540 49] iPhone7, [000001E3744A6900][000001E36C95C580 49] iPodTouch7, [000001E374424C00][000001E36C964700 49] iPhone5S, [000001E3744A5300][000001E36C968880 49] iPhone6Plus, [000001E374426A00][000001E36C96CA00 49] iPhone6S, [000001E3744A6D00][000001E36FEF0B80 49] iPhone6SPlus, [000001E374464100][000001E36FEF4D00 49] iPhone7Plus, [000001E374425D00][000001E36FEF8E80 49] iPhoneSE, [000001E374464C00][000001E36FEFD000 49] iPhone8, [000001E374424400][000001E36FF01180 49] iPhone8Plus, [000001E374466A00][000001E36FF05300 49] iPhoneX, [000001E374427C00][000001E36FF09480 49] iPhoneXS, [000001E374466900][000001E36FF0D600 49] iPhoneXSMax, [000001E374424B00][000001E36FF11780 49] iPhoneXR, [000001E3744A7800][000001E36FF15900 49] iPhone11, [000001E374427D00][000001E36FF19A80 49] iPhone11Pro, [000001E3744A5C00][000001E36C955BC0 49] iPhone11ProMax, [000001E374425100][000001E36FF1C180 49] iPhoneSE2, [000001E3744A5200][000001E36FF202C0 49] iPhone12Mini, [000001E374427100][000001E36FF28440 49] iPhone12, [000001E3744A4900][000001E36FF2C5C0 49] iPhone12Pro, [000001E374424D00][000001E36FF30740 49] iPhone12ProMax, [000001E3744A7C00][000001E36FF348C0 49] iPadPro105, [000001E374427700][000001E36FF38A40 49] iPadPro129, [000001E3744A7000][000001E36FF3CBC0 49] iPadPro97, [000001E374424F00][000001E36FF40D40 49] iPadPro2_129, [000001E3744A4C00][000001E36FF44EC0 49] iPad5, [000001E374427B00][000001E36FF49040 49] iPad6, [000001E3744A4400][000001E36FF4D1C0 49] iPad7, [000001E374427E00][000001E36FF51340 49] iPad8, [000001E3744A5400][000001E36FF554C0 49] iPadPro11, [000001E374426400][000001E36FF59640 49] iPadPro2_11, [000001E3744A4800][000001E36FF5D7C0 49] iPadPro3_129, [000001E374426800][000001E36FF61940 49] iPadPro4_129, [000001E3744A6F00][000001E36FF65AC0 49] AppleTV, [000001E374425900][000001E36FF680C0 49] AppleTV4K, [000001E3744A5700][000001E36FF24200 49] TVOS, [000001E374425500][000001E36FF6C340 49] Mac, [000001E3744A5B00][000001E36FF70480 49] MacClient, [000001E374426500][000001E36FF745C0 49] MacNoEditor, [000001E3744A4500][000001E36FF7C740 49] MacServer, [000001E374426000][000001E36D0FE8C0 49] Linux, [000001E3744A7B00][000001E36D102A40 49] LinuxAArch64, [000001E374424100][000001E36D106BC0 49] LinuxNoEditor, [000001E3744A7700][000001E36D10AD40 49] LinuxAArch64NoEditor, [000001E374426900][000001E36D10EEC0 49] LinuxClient, [000001E3744A6600][000001E36D113040 49] LinuxAArch64Client, [000001E374424A00][000001E36D1171C0 49] LinuxServer, [000001E3744A4200][000001E36D11B340 49] LinuxAArch64Server, [000001E374426300][000001E36D11F4C0 49] Android, [000001E3744A6100][000001E36D123640 49] Android_Low, [000001E374425E00][000001E36D1277C0 49] Android_Mid, [000001E3744A7A00][000001E36D12B940 49] Android_High, [000001E374426D00][000001E36D12FAC0 49] Android_Default, [000001E3744A4600][000001E36D1320C0 49] Android_Adreno4xx, [000001E374424300][000001E36D136240 49] Android_Adreno5xx_Low, [000001E3744A6A00][000001E36FF78380 49] Android_Adreno5xx, [000001E374426B00][000001E36D13A4C0 49] Android_Adreno6xx, [000001E3744A4B00][000001E36D13E600 49] Android_Adreno6xx_Vulkan, [000001E374425600][000001E36D142740 49] Android_Mali_T6xx, [000001E3744A4700][000001E36D14A8C0 49] Android_Mali_T7xx, [000001E374482200][000001E36D14EA40 49] Android_Mali_T8xx, [000001E374464300][000001E36D152BC0 49] Android_Mali_G71, [000001E374480600][000001E36D156D40 49] Android_Mali_G72, [000001E374465200][000001E36D15AEC0 49] Android_Mali_G72_Vulkan, [000001E374481400][000001E36D15F040 49] Android_Mali_G76, [000001E374464700][000001E36D1631C0 49] Android_Mali_G76_Vulkan, [000001E374481500][000001E36D167340 49] Android_Mali_G77, [000001E374467B00][000001E36D16B4C0 49] Android_Mali_G77_Vulkan, [000001E374482300][000001E36D16F640 49] Android_Mali_G78, [000001E374467100][000001E36D1737C0 49] Android_Mali_G78_Vulkan, [000001E374481900][000001E36D177940 49] Android_Mali_G710, [000001E374465B00][000001E36D17BAC0 49] Android_Mali_G710_Vulkan, [000001E374483E00][000001E36D17E0C0 49] Android_Vulkan_SM5, [000001E374467800][000001E36D182240 49] Android_PowerVR_G6xxx, [000001E374482100][000001E36D1863C0 49] Android_PowerVR_GT7xxx, [000001E374465D00][000001E36D18A540 49] Android_PowerVR_GE8xxx, [000001E374483500][000001E36D146680 49] Android_PowerVR_GM9xxx, [000001E374464800][000001E36D18E7C0 49] Android_PowerVR_GM9xxx_Vulkan, [000001E374482400][000001E36D192900 49] Android_TegraK1, [000001E374465000][000001E36D19AA80 49] Android_Unknown_Vulkan, [000001E374482B00][000001E36D19EC00 49] Lumin, [000001E374467E00][000001E36D1A2D80 49] Lumin_Desktop, [000001E374483300][000001E36D1A6F00 49] HoloLens, 
[2023.07.07-01.03.38:118][  0]LogMeshReduction: Using QuadricMeshReduction for automatic static mesh reduction
[2023.07.07-01.03.38:118][  0]LogMeshReduction: Using SimplygonMeshReduction for automatic skeletal mesh reduction
[2023.07.07-01.03.38:119][  0]LogMeshReduction: Using ProxyLODMeshReduction for automatic mesh merging
[2023.07.07-01.03.38:119][  0]LogMeshReduction: No distributed automatic mesh merging module available
[2023.07.07-01.03.38:119][  0]LogMeshMerging: No distributed automatic mesh merging module available
[2023.07.07-01.03.38:455][  0]LogNetVersion: ANONCharacterProto 1.0.0, NetCL: 17155196, EngineNetVer: 17, GameNetVer: 0 (Checksum: 2731179920)
[2023.07.07-01.03.44:059][  0]LogTexture: Default maximum texture size for cubemaps generated from long-lat sources has been changed from 512 to unlimited. In order to preserve old behaiour for '/Engine/MapTemplates/Sky/DaylightAmbientCubemap.DaylightAmbientCubemap', its maximum texture size has been explicitly set to 512.
[2023.07.07-01.03.44:698][  0]LogHMD: PokeAHoleMaterial loaded successfully
