Log file open, 07/10/23 09:00:29
LogWindows: Failed to load 'aqProf.dll' (GetLastError=126)
LogWindows: File 'aqProf.dll' does not exist
LogWindows: Failed to load 'VtuneApi.dll' (GetLastError=126)
LogWindows: File 'VtuneApi.dll' does not exist
LogWindows: Failed to load 'VtuneApi32e.dll' (GetLastError=126)
LogWindows: File 'VtuneApi32e.dll' does not exist
LogConsoleResponse: Display: Failed to find resolution value strings in scalability ini. Falling back to default.
LogConsoleResponse: Display: Failed to find resolution value strings in scalability ini. Falling back to default.
LogInit: Display: Running engine for game: ANONCharacterProto
LogPlatformFile: Not using cached read wrapper
LogTaskGraph: Started task graph with 5 named threads and 23 total threads with 3 sets of task threads.
LogStats: Stats thread started at 0.743558
LogICUInternationalization: ICU TimeZone Detection - Raw Offset: -8:00, Platform Override: ''
LogInit: Display: Loading text-based GConfig....
LogPluginManager: Mounting plugin MeshPainting
LogPluginManager: Mounting plugin XGEController
LogPluginManager: Mounting plugin Paper2D
LogPluginManager: Mounting plugin EnvironmentQueryEditor
LogPluginManager: Mounting plugin LiveLink
LogPluginManager: Mounting plugin AISupport
LogPluginManager: Mounting plugin LightPropagationVolume
LogPluginManager: Mounting plugin AssetManagerEditor
LogPluginManager: Mounting plugin CryptoKeys
LogPluginManager: Mounting plugin CurveEditorTools
LogPluginManager: Mounting plugin DataValidation
LogPluginManager: Mounting plugin FacialAnimation
LogPluginManager: Mounting plugin GameplayTagsEditor
LogPluginManager: Mounting plugin GeometryMode
LogPluginManager: Mounting plugin MacGraphicsSwitching
LogPluginManager: Mounting plugin MobileLauncherProfileWizard
LogPluginManager: Mounting plugin PluginBrowser
LogPluginManager: Mounting plugin AnimationSharing
LogPluginManager: Mounting plugin MaterialAnalyzer
LogPluginManager: Mounting plugin SpeedTreeImporter
LogPluginManager: Mounting plugin CLionSourceCodeAccess
LogPluginManager: Mounting plugin CodeLiteSourceCodeAccess
LogPluginManager: Mounting plugin KDevelopSourceCodeAccess
LogPluginManager: Mounting plugin GitSourceControl
LogPluginManager: Mounting plugin NullSourceCodeAccess
LogPluginManager: Mounting plugin PerforceSourceControl
LogPluginManager: Mounting plugin PixWinPlugin
LogPluginManager: Mounting plugin PlasticSourceControl
LogPluginManager: Mounting plugin PluginUtils
LogPluginManager: Mounting plugin PropertyAccessNode
LogPluginManager: Mounting plugin RiderSourceCodeAccess
LogPluginManager: Mounting plugin SubversionSourceControl
LogPluginManager: Mounting plugin TextureFormatOodle
LogPluginManager: Mounting plugin VisualStudioSourceCodeAccess
LogPluginManager: Mounting plugin OodleNetwork
LogPluginManager: Mounting plugin OodleData
LogPluginManager: Mounting plugin UObjectPlugin
LogPluginManager: Mounting plugin XCodeSourceCodeAccess
LogPluginManager: Mounting plugin VisualStudioCodeSourceCodeAccess
LogPluginManager: Mounting plugin DatasmithContent
LogPluginManager: Mounting plugin VariantManagerContent
LogPluginManager: Mounting plugin AlembicImporter
LogPluginManager: Mounting plugin Niagara
LogPluginManager: Mounting plugin AutomationUtils
LogPluginManager: Mounting plugin BackChannel
LogPluginManager: Mounting plugin ChaosCloth
LogPluginManager: Mounting plugin ChaosClothEditor
LogPluginManager: Mounting plugin ChaosEditor
LogPluginManager: Mounting plugin ChaosSolverPlugin
LogPluginManager: Mounting plugin CharacterAI
LogPluginManager: Mounting plugin EnhancedInput
LogPluginManager: Mounting plugin ChaosNiagara
LogPluginManager: Mounting plugin GeometryCache
LogPluginManager: Mounting plugin GeometryCollectionPlugin
LogPluginManager: Mounting plugin GeometryProcessing
LogPluginManager: Mounting plugin MotoSynth
LogPluginManager: Mounting plugin OpenImageDenoise
LogPluginManager: Mounting plugin PlatformCrypto
LogPluginManager: Mounting plugin PythonScriptPlugin
LogPluginManager: Mounting plugin ProxyLODPlugin
LogPluginManager: Mounting plugin LuminPlatformFeatures
LogPluginManager: Mounting plugin PlanarCut
LogPluginManager: Mounting plugin MagicLeap
LogPluginManager: Mounting plugin SkeletalReduction
LogPluginManager: Mounting plugin MagicLeapMedia
LogPluginManager: Mounting plugin MagicLeapLightEstimation
LogPluginManager: Mounting plugin MagicLeapPassableWorld
LogPluginManager: Mounting plugin AndroidMedia
LogPluginManager: Mounting plugin MLSDK
LogPluginManager: Mounting plugin AvfMedia
LogPluginManager: Mounting plugin MediaCompositing
LogPluginManager: Mounting plugin ImgMedia
LogPluginManager: Mounting plugin MediaPlayerEditor
LogPluginManager: Mounting plugin AssetsCleaner
LogPluginManager: Mounting plugin AutoSizeComments
LogPluginManager: Mounting plugin WebMMedia
LogPluginManager: Mounting plugin WmfMedia
LogPluginManager: Mounting plugin PaperZD
LogPluginManager: Mounting plugin TcpMessaging
LogPluginManager: Mounting plugin ActorSequence
LogPluginManager: Mounting plugin UdpMessaging
LogPluginManager: Mounting plugin MatineeToLevelSequence
LogPluginManager: Mounting plugin LevelSequenceEditor
LogPluginManager: Mounting plugin OnlineSubsystem
LogPluginManager: Mounting plugin OnlineSubsystemNull
LogPluginManager: Mounting plugin OnlineSubsystemUtils
LogPluginManager: Mounting plugin CameraShakePreviewer
LogPluginManager: Mounting plugin GameplayCameras
LogPluginManager: Mounting plugin TemplateSequence
LogPluginManager: Mounting plugin LauncherChunkInstaller
LogPluginManager: Mounting plugin ActorLayerUtilities
LogPluginManager: Mounting plugin AndroidDeviceProfileSelector
LogPluginManager: Mounting plugin AndroidMoviePlayer
LogPluginManager: Mounting plugin AndroidPermission
LogPluginManager: Mounting plugin AppleMoviePlayer
LogPluginManager: Mounting plugin AppleImageUtils
LogPluginManager: Mounting plugin ArchVisCharacter
LogPluginManager: Mounting plugin AssetTags
LogPluginManager: Mounting plugin AudioSynesthesia
LogPluginManager: Mounting plugin AudioCapture
LogPluginManager: Mounting plugin ChunkDownloader
LogPluginManager: Mounting plugin CustomMeshComponent
LogPluginManager: Mounting plugin EditableMesh
LogPluginManager: Mounting plugin CableComponent
LogPluginManager: Mounting plugin ExampleDeviceProfileSelector
LogPluginManager: Mounting plugin GoogleCloudMessaging
LogPluginManager: Mounting plugin GooglePAD
LogPluginManager: Mounting plugin IOSDeviceProfileSelector
LogPluginManager: Mounting plugin LinuxDeviceProfileSelector
LogPluginManager: Mounting plugin LocationServicesBPLibrary
LogPluginManager: Mounting plugin MobilePatchingUtils
LogPluginManager: Mounting plugin OpenXR
LogPluginManager: Mounting plugin OpenXREyeTracker
LogPluginManager: Mounting plugin OpenXRHandTracking
LogPluginManager: Mounting plugin ScreenshotTools
LogPluginManager: Mounting plugin PhysXVehicles
LogPluginManager: Mounting plugin PropertyAccessEditor
LogPluginManager: Mounting plugin ProceduralMeshComponent
LogPluginManager: Mounting plugin PostSplashScreen
LogPluginManager: Mounting plugin SignificanceManager
LogPluginManager: Mounting plugin SoundFields
LogPluginManager: Mounting plugin RuntimePhysXCooking
LogPluginManager: Mounting plugin Synthesis
LogPluginManager: Mounting plugin WebMMoviePlayer
LogPluginManager: Mounting plugin WindowsMoviePlayer
LogPluginManager: Mounting plugin Takes
LogPluginManager: Mounting plugin ContentBrowserClassDataSource
LogPluginManager: Mounting plugin ContentBrowserAssetDataSource
LogPluginManager: Mounting plugin ContentBrowserFileDataSource
LogPluginManager: Mounting plugin OnlineSubsystemGooglePlay
LogPluginManager: Mounting plugin OnlineSubsystemIOS
LogPluginManager: Mounting plugin OculusVR
PixWinPlugin: PIX capture plugin failed to initialize! Check that the process is launched from PIX.
LogInit: Using libcurl 7.55.1-DEV
LogInit:  - built for x86_64-pc-win32
LogInit:  - supports SSL with OpenSSL/1.1.1
LogInit:  - supports HTTP deflate (compression) using libz 1.2.8
LogInit:  - other features:
LogInit:      CURL_VERSION_SSL
LogInit:      CURL_VERSION_LIBZ
LogInit:      CURL_VERSION_IPV6
LogInit:      CURL_VERSION_ASYNCHDNS
LogInit:      CURL_VERSION_LARGEFILE
LogInit:      CURL_VERSION_IDN
LogInit:  CurlRequestOptions (configurable via config and command line):
LogInit:  - bVerifyPeer = true  - Libcurl will verify peer certificate
LogInit:  - bUseHttpProxy = false  - Libcurl will NOT use HTTP proxy
LogInit:  - bDontReuseConnections = false  - Libcurl will reuse connections
LogInit:  - MaxHostConnections = 16  - Libcurl will limit the number of connections to a host
LogInit:  - LocalHostAddr = Default
LogInit:  - BufferSize = 65536
LogOnline: OSS: Creating online subsystem instance for: NULL
LogInit: WinSock: version 1.1 (2.2), MaxSocks=32767, MaxUdp=65467
LogOnline: OSS: TryLoadSubsystemAndSetDefault: Loaded subsystem for module [NULL]
LogOculusPluginWrapper: OculusPlugin initialized successfully
LogHMD: Failed initializing OVRPlugin 1.59.0
LogInit: Build: ++UE4+Release-4.27-CL-18319896
LogInit: Engine Version: 4.27.2-18319896+++UE4+Release-4.27
LogInit: Compatible Engine Version: 4.27.0-17155196+++UE4+Release-4.27
LogInit: Net CL: 17155196
LogInit: OS: Windows 10 (Release 2009) (), CPU: Intel(R) Core(TM) i7-4790 CPU @ 3.60GHz, GPU: NVIDIA GeForce GTX 1650
LogInit: Compiled (64-bit): Nov 30 2021 07:12:08
LogInit: Compiled with Visual C++: 19.24.28315.00
LogInit: Build Configuration: Development
LogInit: Branch Name: ++UE4+Release-4.27
LogInit: Command Line: 
LogInit: Base Directory: E:/Epic Got me by the balls/UE_4.27/Engine/Binaries/Win64/
LogInit: Allocator: TBB
LogInit: Installed Engine Build: 1
LogDevObjectVersion: Number of dev versions registered: 29
LogDevObjectVersion:   Dev-Blueprints (B0D832E4-1F89-4F0D-ACCF-7EB736FD4AA2): 10
LogDevObjectVersion:   Dev-Build (E1C64328-A22C-4D53-A36C-8E866417BD8C): 0
LogDevObjectVersion:   Dev-Core (375EC13C-06E4-48FB-B500-84F0262A717E): 4
LogDevObjectVersion:   Dev-Editor (E4B068ED-F494-42E9-A231-DA0B2E46BB41): 40
LogDevObjectVersion:   Dev-Framework (CFFC743F-43B0-4480-9391-14DF171D2073): 37
LogDevObjectVersion:   Dev-Mobile (B02B49B5-BB20-44E9-A304-32B752E40360): 3
LogDevObjectVersion:   Dev-Networking (A4E4105C-59A1-49B5-A7C5-40C4547EDFEE): 0
LogDevObjectVersion:   Dev-Online (39C831C9-5AE6-47DC-9A44-9C173E1C8E7C): 0
LogDevObjectVersion:   Dev-Physics (78F01B33-EBEA-4F98-B9B4-84EACCB95AA2): 14
LogDevObjectVersion:   Dev-Platform (6631380F-2D4D-43E0-8009-CF276956A95A): 0
LogDevObjectVersion:   Dev-Rendering (12F88B9F-8875-4AFC-A67C-D90C383ABD29): 45
LogDevObjectVersion:   Dev-Sequencer (7B5AE74C-D270-4C10-A958-57980B212A5A): 13
LogDevObjectVersion:   Dev-VR (D7296918-1DD6-4BDD-9DE2-64A83CC13884): 3
LogDevObjectVersion:   Dev-LoadTimes (C2A15278-BFE7-4AFE-6C17-90FF531DF755): 1
LogDevObjectVersion:   Private-Geometry (6EACA3D4-40EC-4CC1-B786-8BED09428FC5): 3
LogDevObjectVersion:   Dev-AnimPhys (29E575DD-E0A3-4627-9D10-D276232CDCEA): 17
LogDevObjectVersion:   Dev-Anim (AF43A65D-7FD3-4947-9873-3E8ED9C1BB05): 15
LogDevObjectVersion:   Dev-ReflectionCapture (6B266CEC-1EC7-4B8F-A30B-E4D90942FC07): 1
LogDevObjectVersion:   Dev-Automation (0DF73D61-A23F-47EA-B727-89E90C41499A): 1
LogDevObjectVersion:   FortniteMain (601D1886-AC64-4F84-AA16-D3DE0DEAC7D6): 47
LogDevObjectVersion:   FortniteRelease (E7086368-6B23-4C58-8439-1B7016265E91): 1
LogDevObjectVersion:   Dev-Enterprise (9DFFBCD6-494F-0158-E221-12823C92A888): 10
LogDevObjectVersion:   Dev-Niagara (F2AED0AC-9AFE-416F-8664-AA7FFA26D6FC): 1
LogDevObjectVersion:   Dev-Destruction (174F1F0B-B4C6-45A5-B13F-2EE8D0FB917D): 10
LogDevObjectVersion:   Dev-Physics-Ext (35F94A83-E258-406C-A318-09F59610247C): 41
LogDevObjectVersion:   Dev-PhysicsMaterial-Chaos (B68FC16E-8B1B-42E2-B453-215C058844FE): 1
LogDevObjectVersion:   Dev-CineCamera (B2E18506-4273-CFC2-A54E-F4BB758BBA07): 1
LogDevObjectVersion:   Dev-VirtualProduction (64F58936-FD1B-42BA-BA96-7289D5D0FA4E): 1
LogDevObjectVersion:   Dev-MediaFramework (6F0ED827-A609-4895-9C91-998D90180EA4): 2
LogInit: Presizing for max 25165824 objects, including 0 objects not considered by GC, pre-allocating 0 bytes for permanent pool.
LogConfig: Applying CVar settings from Section [/Script/Engine.StreamingSettings] File [E:/Github Work/ANONPlayerCharacterProto/ANONCharacterProto/Saved/Config/Windows/Engine.ini]
LogConfig: Setting CVar [[s.MinBulkDataSizeForAsyncLoading:131072]]
LogConfig: Setting CVar [[s.AsyncLoadingThreadEnabled:0]]
LogConfig: Setting CVar [[s.EventDrivenLoaderEnabled:1]]
LogConfig: Setting CVar [[s.WarnIfTimeLimitExceeded:0]]
LogConfig: Setting CVar [[s.TimeLimitExceededMultiplier:1.5]]
LogConfig: Setting CVar [[s.TimeLimitExceededMinTime:0.005]]
LogConfig: Setting CVar [[s.UseBackgroundLevelStreaming:1]]
LogConfig: Setting CVar [[s.PriorityAsyncLoadingExtraTime:15.0]]
LogConfig: Setting CVar [[s.LevelStreamingActorsUpdateTimeLimit:5.0]]
LogConfig: Setting CVar [[s.PriorityLevelStreamingActorsUpdateExtraTime:5.0]]
LogConfig: Setting CVar [[s.LevelStreamingComponentsRegistrationGranularity:10]]
LogConfig: Setting CVar [[s.UnregisterComponentsTimeLimit:1.0]]
LogConfig: Setting CVar [[s.LevelStreamingComponentsUnregistrationGranularity:5]]
LogConfig: Setting CVar [[s.FlushStreamingOnExit:1]]
LogInit: Object subsystem initialized
LogConfig: Setting CVar [[con.DebugEarlyDefault:1]]
LogConfig: Setting CVar [[r.setres:1280x720]]
[2023.07.10-16.00.41:742][  0]LogConfig: Setting CVar [[r.VSync:0]]
[2023.07.10-16.00.41:742][  0]LogConfig: Setting CVar [[r.RHICmdBypass:0]]
[2023.07.10-16.00.41:742][  0]LogConfig: Applying CVar settings from Section [/Script/Engine.RendererSettings] File [E:/Github Work/ANONPlayerCharacterProto/ANONCharacterProto/Saved/Config/Windows/Engine.ini]
[2023.07.10-16.00.41:742][  0]LogConfig: Setting CVar [[r.GPUCrashDebugging:0]]
[2023.07.10-16.00.41:742][  0]LogConfig: Applying CVar settings from Section [/Script/Engine.RendererOverrideSettings] File [E:/Github Work/ANONPlayerCharacterProto/ANONCharacterProto/Saved/Config/Windows/Engine.ini]
[2023.07.10-16.00.41:742][  0]LogConfig: Applying CVar settings from Section [/Script/Engine.StreamingSettings] File [E:/Github Work/ANONPlayerCharacterProto/ANONCharacterProto/Saved/Config/Windows/Engine.ini]
[2023.07.10-16.00.41:742][  0]LogConfig: Setting CVar [[s.MinBulkDataSizeForAsyncLoading:131072]]
[2023.07.10-16.00.41:742][  0]LogConfig: Setting CVar [[s.AsyncLoadingThreadEnabled:0]]
[2023.07.10-16.00.41:742][  0]LogConfig: Setting CVar [[s.EventDrivenLoaderEnabled:1]]
[2023.07.10-16.00.41:742][  0]LogConfig: Setting CVar [[s.WarnIfTimeLimitExceeded:0]]
[2023.07.10-16.00.41:742][  0]LogConfig: Setting CVar [[s.TimeLimitExceededMultiplier:1.5]]
[2023.07.10-16.00.41:742][  0]LogConfig: Setting CVar [[s.TimeLimitExceededMinTime:0.005]]
[2023.07.10-16.00.41:742][  0]LogConfig: Setting CVar [[s.UseBackgroundLevelStreaming:1]]
[2023.07.10-16.00.41:742][  0]LogConfig: Setting CVar [[s.PriorityAsyncLoadingExtraTime:15.0]]
[2023.07.10-16.00.41:742][  0]LogConfig: Setting CVar [[s.LevelStreamingActorsUpdateTimeLimit:5.0]]
[2023.07.10-16.00.41:742][  0]LogConfig: Setting CVar [[s.PriorityLevelStreamingActorsUpdateExtraTime:5.0]]
[2023.07.10-16.00.41:742][  0]LogConfig: Setting CVar [[s.LevelStreamingComponentsRegistrationGranularity:10]]
[2023.07.10-16.00.41:742][  0]LogConfig: Setting CVar [[s.UnregisterComponentsTimeLimit:1.0]]
[2023.07.10-16.00.41:742][  0]LogConfig: Setting CVar [[s.LevelStreamingComponentsUnregistrationGranularity:5]]
[2023.07.10-16.00.41:742][  0]LogConfig: Setting CVar [[s.FlushStreamingOnExit:1]]
[2023.07.10-16.00.41:742][  0]LogConfig: Applying CVar settings from Section [/Script/Engine.GarbageCollectionSettings] File [E:/Github Work/ANONPlayerCharacterProto/ANONCharacterProto/Saved/Config/Windows/Engine.ini]
[2023.07.10-16.00.41:742][  0]LogConfig: Setting CVar [[gc.MaxObjectsNotConsideredByGC:1]]
[2023.07.10-16.00.41:742][  0]LogConfig: Setting CVar [[gc.SizeOfPermanentObjectPool:0]]
[2023.07.10-16.00.41:742][  0]LogConfig: Setting CVar [[gc.FlushStreamingOnGC:0]]
[2023.07.10-16.00.41:742][  0]LogConfig: Setting CVar [[gc.NumRetriesBeforeForcingGC:10]]
[2023.07.10-16.00.41:742][  0]LogConfig: Setting CVar [[gc.AllowParallelGC:1]]
[2023.07.10-16.00.41:742][  0]LogConfig: Setting CVar [[gc.TimeBetweenPurgingPendingKillObjects:61.1]]
[2023.07.10-16.00.41:742][  0]LogConfig: Setting CVar [[gc.MaxObjectsInEditor:25165824]]
[2023.07.10-16.00.41:742][  0]LogConfig: Setting CVar [[gc.IncrementalBeginDestroyEnabled:1]]
[2023.07.10-16.00.41:742][  0]LogConfig: Setting CVar [[gc.CreateGCClusters:1]]
[2023.07.10-16.00.41:742][  0]LogConfig: Setting CVar [[gc.MinGCClusterSize:5]]
[2023.07.10-16.00.41:742][  0]LogConfig: Setting CVar [[gc.ActorClusteringEnabled:0]]
[2023.07.10-16.00.41:742][  0]LogConfig: Setting CVar [[gc.BlueprintClusteringEnabled:0]]
[2023.07.10-16.00.41:742][  0]LogConfig: Setting CVar [[gc.UseDisregardForGCOnDedicatedServers:0]]
[2023.07.10-16.00.41:742][  0]LogConfig: Setting CVar [[gc.MultithreadedDestructionEnabled:1]]
[2023.07.10-16.00.41:742][  0]LogConfig: Applying CVar settings from Section [/Script/Engine.NetworkSettings] File [E:/Github Work/ANONPlayerCharacterProto/ANONCharacterProto/Saved/Config/Windows/Engine.ini]
[2023.07.10-16.00.41:742][  0]LogConfig: Applying CVar settings from Section [/Script/UnrealEd.CookerSettings] File [E:/Github Work/ANONPlayerCharacterProto/ANONCharacterProto/Saved/Config/Windows/Engine.ini]
[2023.07.10-16.00.41:790][  0]LogConfig: Applying CVar settings from Section [ViewDistanceQuality@3] File [E:/Github Work/ANONPlayerCharacterProto/ANONCharacterProto/Saved/Config/Windows/Scalability.ini]
[2023.07.10-16.00.41:790][  0]LogConfig: Setting CVar [[r.SkeletalMeshLODBias:0]]
[2023.07.10-16.00.41:790][  0]LogConfig: Setting CVar [[r.ViewDistanceScale:1.0]]
[2023.07.10-16.00.41:790][  0]LogConfig: Applying CVar settings from Section [AntiAliasingQuality@3] File [E:/Github Work/ANONPlayerCharacterProto/ANONCharacterProto/Saved/Config/Windows/Scalability.ini]
[2023.07.10-16.00.41:790][  0]LogConfig: Setting CVar [[r.PostProcessAAQuality:4]]
[2023.07.10-16.00.41:790][  0]LogConfig: Applying CVar settings from Section [ShadowQuality@3] File [E:/Github Work/ANONPlayerCharacterProto/ANONCharacterProto/Saved/Config/Windows/Scalability.ini]
[2023.07.10-16.00.41:790][  0]LogConfig: Setting CVar [[r.LightFunctionQuality:1]]
[2023.07.10-16.00.41:790][  0]LogConfig: Setting CVar [[r.ShadowQuality:5]]
[2023.07.10-16.00.41:790][  0]LogConfig: Setting CVar [[r.Shadow.CSM.MaxCascades:10]]
[2023.07.10-16.00.41:790][  0]LogConfig: Setting CVar [[r.Shadow.MaxResolution:2048]]
[2023.07.10-16.00.41:790][  0]LogConfig: Setting CVar [[r.Shadow.MaxCSMResolution:2048]]
[2023.07.10-16.00.41:790][  0]LogConfig: Setting CVar [[r.Shadow.RadiusThreshold:0.01]]
[2023.07.10-16.00.41:790][  0]LogConfig: Setting CVar [[r.Shadow.DistanceScale:1.0]]
[2023.07.10-16.00.41:790][  0]LogConfig: Setting CVar [[r.Shadow.CSM.TransitionScale:1.0]]
[2023.07.10-16.00.41:790][  0]LogConfig: Setting CVar [[r.Shadow.PreShadowResolutionFactor:1.0]]
[2023.07.10-16.00.41:790][  0]LogConfig: Setting CVar [[r.DistanceFieldShadowing:1]]
[2023.07.10-16.00.41:790][  0]LogConfig: Setting CVar [[r.DistanceFieldAO:1]]
[2023.07.10-16.00.41:791][  0]LogConfig: Setting CVar [[r.AOQuality:2]]
[2023.07.10-16.00.41:791][  0]LogConfig: Setting CVar [[r.VolumetricFog:1]]
[2023.07.10-16.00.41:791][  0]LogConfig: Setting CVar [[r.VolumetricFog.GridPixelSize:8]]
[2023.07.10-16.00.41:791][  0]LogConfig: Setting CVar [[r.VolumetricFog.GridSizeZ:128]]
[2023.07.10-16.00.41:791][  0]LogConfig: Setting CVar [[r.VolumetricFog.HistoryMissSupersampleCount:4]]
[2023.07.10-16.00.41:791][  0]LogConfig: Setting CVar [[r.LightMaxDrawDistanceScale:1]]
[2023.07.10-16.00.41:791][  0]LogConfig: Setting CVar [[r.CapsuleShadows:1]]
[2023.07.10-16.00.41:791][  0]LogConfig: Applying CVar settings from Section [PostProcessQuality@3] File [E:/Github Work/ANONPlayerCharacterProto/ANONCharacterProto/Saved/Config/Windows/Scalability.ini]
[2023.07.10-16.00.41:791][  0]LogConfig: Setting CVar [[r.MotionBlurQuality:4]]
[2023.07.10-16.00.41:791][  0]LogConfig: Setting CVar [[r.AmbientOcclusionMipLevelFactor:0.4]]
[2023.07.10-16.00.41:791][  0]LogConfig: Setting CVar [[r.AmbientOcclusionMaxQuality:100]]
[2023.07.10-16.00.41:791][  0]LogConfig: Setting CVar [[r.AmbientOcclusionLevels:-1]]
[2023.07.10-16.00.41:791][  0]LogConfig: Setting CVar [[r.AmbientOcclusionRadiusScale:1.0]]
[2023.07.10-16.00.41:791][  0]LogConfig: Setting CVar [[r.DepthOfFieldQuality:2]]
[2023.07.10-16.00.41:791][  0]LogConfig: Setting CVar [[r.RenderTargetPoolMin:400]]
[2023.07.10-16.00.41:791][  0]LogConfig: Setting CVar [[r.LensFlareQuality:2]]
[2023.07.10-16.00.41:791][  0]LogConfig: Setting CVar [[r.SceneColorFringeQuality:1]]
[2023.07.10-16.00.41:791][  0]LogConfig: Setting CVar [[r.EyeAdaptationQuality:2]]
[2023.07.10-16.00.41:791][  0]LogConfig: Setting CVar [[r.BloomQuality:5]]
[2023.07.10-16.00.41:791][  0]LogConfig: Setting CVar [[r.FastBlurThreshold:100]]
[2023.07.10-16.00.41:791][  0]LogConfig: Setting CVar [[r.Upscale.Quality:3]]
[2023.07.10-16.00.41:791][  0]LogConfig: Setting CVar [[r.Tonemapper.GrainQuantization:1]]
[2023.07.10-16.00.41:791][  0]LogConfig: Setting CVar [[r.LightShaftQuality:1]]
[2023.07.10-16.00.41:791][  0]LogConfig: Setting CVar [[r.Filter.SizeScale:1]]
[2023.07.10-16.00.41:791][  0]LogConfig: Setting CVar [[r.Tonemapper.Quality:5]]
[2023.07.10-16.00.41:791][  0]LogConfig: Setting CVar [[r.DOF.Gather.AccumulatorQuality:1        ; higher gathering accumulator quality]]
[2023.07.10-16.00.41:791][  0]LogConfig: Setting CVar [[r.DOF.Gather.PostfilterMethod:1          ; Median3x3 postfilering method]]
[2023.07.10-16.00.41:791][  0]LogConfig: Setting CVar [[r.DOF.Gather.EnableBokehSettings:0       ; no bokeh simulation when gathering]]
[2023.07.10-16.00.41:791][  0]LogConfig: Setting CVar [[r.DOF.Gather.RingCount:4                 ; medium number of samples when gathering]]
[2023.07.10-16.00.41:791][  0]LogConfig: Setting CVar [[r.DOF.Scatter.ForegroundCompositing:1    ; additive foreground scattering]]
[2023.07.10-16.00.41:791][  0]LogConfig: Setting CVar [[r.DOF.Scatter.BackgroundCompositing:2    ; additive background scattering]]
[2023.07.10-16.00.41:791][  0]LogConfig: Setting CVar [[r.DOF.Scatter.EnableBokehSettings:1      ; bokeh simulation when scattering]]
[2023.07.10-16.00.41:791][  0]LogConfig: Setting CVar [[r.DOF.Scatter.MaxSpriteRatio:0.1         ; only a maximum of 10% of scattered bokeh]]
[2023.07.10-16.00.41:791][  0]LogConfig: Setting CVar [[r.DOF.Recombine.Quality:1                ; cheap slight out of focus]]
[2023.07.10-16.00.41:791][  0]LogConfig: Setting CVar [[r.DOF.Recombine.EnableBokehSettings:0    ; no bokeh simulation on slight out of focus]]
[2023.07.10-16.00.41:791][  0]LogConfig: Setting CVar [[r.DOF.TemporalAAQuality:1                ; more stable temporal accumulation]]
[2023.07.10-16.00.41:791][  0]LogConfig: Setting CVar [[r.DOF.Kernel.MaxForegroundRadius:0.025]]
[2023.07.10-16.00.41:791][  0]LogConfig: Setting CVar [[r.DOF.Kernel.MaxBackgroundRadius:0.025]]
[2023.07.10-16.00.41:791][  0]LogConfig: Applying CVar settings from Section [TextureQuality@3] File [E:/Github Work/ANONPlayerCharacterProto/ANONCharacterProto/Saved/Config/Windows/Scalability.ini]
[2023.07.10-16.00.41:791][  0]LogConfig: Setting CVar [[r.Streaming.MipBias:0]]
[2023.07.10-16.00.41:791][  0]LogConfig: Setting CVar [[r.Streaming.AmortizeCPUToGPUCopy:0]]
[2023.07.10-16.00.41:791][  0]LogConfig: Setting CVar [[r.Streaming.MaxNumTexturesToStreamPerFrame:0]]
[2023.07.10-16.00.41:791][  0]LogConfig: Setting CVar [[r.Streaming.Boost:1]]
[2023.07.10-16.00.41:791][  0]LogConfig: Setting CVar [[r.MaxAnisotropy:8]]
[2023.07.10-16.00.41:791][  0]LogConfig: Setting CVar [[r.VT.MaxAnisotropy:8]]
[2023.07.10-16.00.41:791][  0]LogConfig: Setting CVar [[r.Streaming.LimitPoolSizeToVRAM:0]]
[2023.07.10-16.00.41:791][  0]LogConfig: Setting CVar [[r.Streaming.PoolSize:1000]]
[2023.07.10-16.00.41:791][  0]LogConfig: Setting CVar [[r.Streaming.MaxEffectiveScreenSize:0]]
[2023.07.10-16.00.41:791][  0]LogConfig: Applying CVar settings from Section [EffectsQuality@3] File [E:/Github Work/ANONPlayerCharacterProto/ANONCharacterProto/Saved/Config/Windows/Scalability.ini]
[2023.07.10-16.00.41:791][  0]LogConfig: Setting CVar [[r.TranslucencyLightingVolumeDim:64]]
[2023.07.10-16.00.41:791][  0]LogConfig: Setting CVar [[r.RefractionQuality:2]]
[2023.07.10-16.00.41:791][  0]LogConfig: Setting CVar [[r.SSR.Quality:3]]
[2023.07.10-16.00.41:791][  0]LogConfig: Setting CVar [[r.SSR.HalfResSceneColor:0]]
[2023.07.10-16.00.41:791][  0]LogConfig: Setting CVar [[r.SceneColorFormat:4]]
[2023.07.10-16.00.41:791][  0]LogConfig: Setting CVar [[r.DetailMode:2]]
[2023.07.10-16.00.41:791][  0]LogConfig: Setting CVar [[r.TranslucencyVolumeBlur:1]]
[2023.07.10-16.00.41:791][  0]LogConfig: Setting CVar [[r.MaterialQualityLevel:1 ; High quality]]
[2023.07.10-16.00.41:791][  0]LogConfig: Setting CVar [[r.AnisotropicMaterials:1]]
[2023.07.10-16.00.41:791][  0]LogConfig: Setting CVar [[r.SSS.Scale:1]]
[2023.07.10-16.00.41:791][  0]LogConfig: Setting CVar [[r.SSS.SampleSet:2]]
[2023.07.10-16.00.41:791][  0]LogConfig: Setting CVar [[r.SSS.Quality:1]]
[2023.07.10-16.00.41:791][  0]LogConfig: Setting CVar [[r.SSS.HalfRes:0]]
[2023.07.10-16.00.41:791][  0]LogConfig: Setting CVar [[r.SSGI.Quality:3]]
[2023.07.10-16.00.41:791][  0]LogConfig: Setting CVar [[r.EmitterSpawnRateScale:1.0]]
[2023.07.10-16.00.41:791][  0]LogConfig: Setting CVar [[r.ParticleLightQuality:2]]
[2023.07.10-16.00.41:791][  0]LogConfig: Setting CVar [[r.SkyAtmosphere.AerialPerspectiveLUT.FastApplyOnOpaque:1 ; Always have FastSkyLUT 1 in this case to avoid wrong sky]]
[2023.07.10-16.00.41:791][  0]LogConfig: Setting CVar [[r.SkyAtmosphere.AerialPerspectiveLUT.SampleCountMaxPerSlice:4]]
[2023.07.10-16.00.41:791][  0]LogConfig: Setting CVar [[r.SkyAtmosphere.AerialPerspectiveLUT.DepthResolution:16.0]]
[2023.07.10-16.00.41:791][  0]LogConfig: Setting CVar [[r.SkyAtmosphere.FastSkyLUT:1]]
[2023.07.10-16.00.41:791][  0]LogConfig: Setting CVar [[r.SkyAtmosphere.FastSkyLUT.SampleCountMin:4.0]]
[2023.07.10-16.00.41:792][  0]LogConfig: Setting CVar [[r.SkyAtmosphere.FastSkyLUT.SampleCountMax:128.0]]
[2023.07.10-16.00.41:792][  0]LogConfig: Setting CVar [[r.SkyAtmosphere.SampleCountMin:4.0]]
[2023.07.10-16.00.41:792][  0]LogConfig: Setting CVar [[r.SkyAtmosphere.SampleCountMax:128.0]]
[2023.07.10-16.00.41:792][  0]LogConfig: Setting CVar [[r.SkyAtmosphere.TransmittanceLUT.UseSmallFormat:0]]
[2023.07.10-16.00.41:792][  0]LogConfig: Setting CVar [[r.SkyAtmosphere.TransmittanceLUT.SampleCount:10.0]]
[2023.07.10-16.00.41:792][  0]LogConfig: Setting CVar [[r.SkyAtmosphere.MultiScatteringLUT.SampleCount:15.0]]
[2023.07.10-16.00.41:792][  0]LogConfig: Setting CVar [[r.SkyLight.RealTimeReflectionCapture:1]]
[2023.07.10-16.00.41:792][  0]LogConfig: Applying CVar settings from Section [FoliageQuality@3] File [E:/Github Work/ANONPlayerCharacterProto/ANONCharacterProto/Saved/Config/Windows/Scalability.ini]
[2023.07.10-16.00.41:792][  0]LogConfig: Setting CVar [[foliage.DensityScale:1.0]]
[2023.07.10-16.00.41:792][  0]LogConfig: Setting CVar [[grass.DensityScale:1.0]]
[2023.07.10-16.00.41:792][  0]LogConfig: Applying CVar settings from Section [ShadingQuality@3] File [E:/Github Work/ANONPlayerCharacterProto/ANONCharacterProto/Saved/Config/Windows/Scalability.ini]
[2023.07.10-16.00.41:792][  0]LogConfig: Setting CVar [[r.HairStrands.SkyLighting.IntegrationType:2]]
[2023.07.10-16.00.41:792][  0]LogConfig: Setting CVar [[r.HairStrands.SkyAO.SampleCount:4]]
[2023.07.10-16.00.41:792][  0]LogConfig: Setting CVar [[r.HairStrands.Visibility.MSAA.SamplePerPixel:4]]
[2023.07.10-16.00.41:811][  0]LogInit: Selected Device Profile: [Windows]
[2023.07.10-16.00.41:825][  0]LogInit: Applying CVar settings loaded from the selected device profile: [Windows]
[2023.07.10-16.00.41:831][  0]LogHAL: Display: Platform has ~ 16 GB [16920629248 / 17179869184 / 16], which maps to Larger [LargestMinGB=32, LargerMinGB=12, DefaultMinGB=8, SmallerMinGB=6, SmallestMinGB=0)
[2023.07.10-16.00.41:840][  0]LogInit: Going up to parent DeviceProfile []
[2023.07.10-16.00.41:844][  0]LogConfig: Applying CVar settings from Section [ViewDistanceQuality@3] File [E:/Github Work/ANONPlayerCharacterProto/ANONCharacterProto/Saved/Config/Windows/Scalability.ini]
[2023.07.10-16.00.41:844][  0]LogConfig: Setting CVar [[r.SkeletalMeshLODBias:0]]
[2023.07.10-16.00.41:844][  0]LogConfig: Setting CVar [[r.ViewDistanceScale:1.0]]
[2023.07.10-16.00.41:844][  0]LogConfig: Applying CVar settings from Section [AntiAliasingQuality@3] File [E:/Github Work/ANONPlayerCharacterProto/ANONCharacterProto/Saved/Config/Windows/Scalability.ini]
[2023.07.10-16.00.41:844][  0]LogConfig: Setting CVar [[r.PostProcessAAQuality:4]]
[2023.07.10-16.00.41:844][  0]LogConfig: Applying CVar settings from Section [ShadowQuality@3] File [E:/Github Work/ANONPlayerCharacterProto/ANONCharacterProto/Saved/Config/Windows/Scalability.ini]
[2023.07.10-16.00.41:844][  0]LogConfig: Setting CVar [[r.LightFunctionQuality:1]]
[2023.07.10-16.00.41:844][  0]LogConfig: Setting CVar [[r.ShadowQuality:5]]
[2023.07.10-16.00.41:844][  0]LogConfig: Setting CVar [[r.Shadow.CSM.MaxCascades:10]]
[2023.07.10-16.00.41:844][  0]LogConfig: Setting CVar [[r.Shadow.MaxResolution:2048]]
[2023.07.10-16.00.41:844][  0]LogConfig: Setting CVar [[r.Shadow.MaxCSMResolution:2048]]
[2023.07.10-16.00.41:844][  0]LogConfig: Setting CVar [[r.Shadow.RadiusThreshold:0.01]]
[2023.07.10-16.00.41:844][  0]LogConfig: Setting CVar [[r.Shadow.DistanceScale:1.0]]
[2023.07.10-16.00.41:844][  0]LogConfig: Setting CVar [[r.Shadow.CSM.TransitionScale:1.0]]
[2023.07.10-16.00.41:844][  0]LogConfig: Setting CVar [[r.Shadow.PreShadowResolutionFactor:1.0]]
[2023.07.10-16.00.41:844][  0]LogConfig: Setting CVar [[r.DistanceFieldShadowing:1]]
[2023.07.10-16.00.41:844][  0]LogConfig: Setting CVar [[r.DistanceFieldAO:1]]
[2023.07.10-16.00.41:844][  0]LogConfig: Setting CVar [[r.AOQuality:2]]
[2023.07.10-16.00.41:844][  0]LogConfig: Setting CVar [[r.VolumetricFog:1]]
[2023.07.10-16.00.41:844][  0]LogConfig: Setting CVar [[r.VolumetricFog.GridPixelSize:8]]
[2023.07.10-16.00.41:844][  0]LogConfig: Setting CVar [[r.VolumetricFog.GridSizeZ:128]]
[2023.07.10-16.00.41:844][  0]LogConfig: Setting CVar [[r.VolumetricFog.HistoryMissSupersampleCount:4]]
[2023.07.10-16.00.41:844][  0]LogConfig: Setting CVar [[r.LightMaxDrawDistanceScale:1]]
[2023.07.10-16.00.41:844][  0]LogConfig: Setting CVar [[r.CapsuleShadows:1]]
[2023.07.10-16.00.41:844][  0]LogConfig: Applying CVar settings from Section [PostProcessQuality@3] File [E:/Github Work/ANONPlayerCharacterProto/ANONCharacterProto/Saved/Config/Windows/Scalability.ini]
[2023.07.10-16.00.41:844][  0]LogConfig: Setting CVar [[r.MotionBlurQuality:4]]
[2023.07.10-16.00.41:845][  0]LogConfig: Setting CVar [[r.AmbientOcclusionMipLevelFactor:0.4]]
[2023.07.10-16.00.41:845][  0]LogConfig: Setting CVar [[r.AmbientOcclusionMaxQuality:100]]
[2023.07.10-16.00.41:845][  0]LogConfig: Setting CVar [[r.AmbientOcclusionLevels:-1]]
[2023.07.10-16.00.41:845][  0]LogConfig: Setting CVar [[r.AmbientOcclusionRadiusScale:1.0]]
[2023.07.10-16.00.41:845][  0]LogConfig: Setting CVar [[r.DepthOfFieldQuality:2]]
[2023.07.10-16.00.41:845][  0]LogConfig: Setting CVar [[r.RenderTargetPoolMin:400]]
[2023.07.10-16.00.41:845][  0]LogConfig: Setting CVar [[r.LensFlareQuality:2]]
[2023.07.10-16.00.41:845][  0]LogConfig: Setting CVar [[r.SceneColorFringeQuality:1]]
[2023.07.10-16.00.41:845][  0]LogConfig: Setting CVar [[r.EyeAdaptationQuality:2]]
[2023.07.10-16.00.41:845][  0]LogConfig: Setting CVar [[r.BloomQuality:5]]
[2023.07.10-16.00.41:845][  0]LogConfig: Setting CVar [[r.FastBlurThreshold:100]]
[2023.07.10-16.00.41:845][  0]LogConfig: Setting CVar [[r.Upscale.Quality:3]]
[2023.07.10-16.00.41:845][  0]LogConfig: Setting CVar [[r.Tonemapper.GrainQuantization:1]]
[2023.07.10-16.00.41:845][  0]LogConfig: Setting CVar [[r.LightShaftQuality:1]]
[2023.07.10-16.00.41:845][  0]LogConfig: Setting CVar [[r.Filter.SizeScale:1]]
[2023.07.10-16.00.41:845][  0]LogConfig: Setting CVar [[r.Tonemapper.Quality:5]]
[2023.07.10-16.00.41:845][  0]LogConfig: Setting CVar [[r.DOF.Gather.AccumulatorQuality:1        ; higher gathering accumulator quality]]
[2023.07.10-16.00.41:845][  0]LogConfig: Setting CVar [[r.DOF.Gather.PostfilterMethod:1          ; Median3x3 postfilering method]]
[2023.07.10-16.00.41:845][  0]LogConfig: Setting CVar [[r.DOF.Gather.EnableBokehSettings:0       ; no bokeh simulation when gathering]]
[2023.07.10-16.00.41:845][  0]LogConfig: Setting CVar [[r.DOF.Gather.RingCount:4                 ; medium number of samples when gathering]]
[2023.07.10-16.00.41:845][  0]LogConfig: Setting CVar [[r.DOF.Scatter.ForegroundCompositing:1    ; additive foreground scattering]]
[2023.07.10-16.00.41:845][  0]LogConfig: Setting CVar [[r.DOF.Scatter.BackgroundCompositing:2    ; additive background scattering]]
[2023.07.10-16.00.41:845][  0]LogConfig: Setting CVar [[r.DOF.Scatter.EnableBokehSettings:1      ; bokeh simulation when scattering]]
[2023.07.10-16.00.41:845][  0]LogConfig: Setting CVar [[r.DOF.Scatter.MaxSpriteRatio:0.1         ; only a maximum of 10% of scattered bokeh]]
[2023.07.10-16.00.41:845][  0]LogConfig: Setting CVar [[r.DOF.Recombine.Quality:1                ; cheap slight out of focus]]
[2023.07.10-16.00.41:845][  0]LogConfig: Setting CVar [[r.DOF.Recombine.EnableBokehSettings:0    ; no bokeh simulation on slight out of focus]]
[2023.07.10-16.00.41:845][  0]LogConfig: Setting CVar [[r.DOF.TemporalAAQuality:1                ; more stable temporal accumulation]]
[2023.07.10-16.00.41:845][  0]LogConfig: Setting CVar [[r.DOF.Kernel.MaxForegroundRadius:0.025]]
[2023.07.10-16.00.41:845][  0]LogConfig: Setting CVar [[r.DOF.Kernel.MaxBackgroundRadius:0.025]]
[2023.07.10-16.00.41:845][  0]LogConfig: Applying CVar settings from Section [TextureQuality@3] File [E:/Github Work/ANONPlayerCharacterProto/ANONCharacterProto/Saved/Config/Windows/Scalability.ini]
[2023.07.10-16.00.41:845][  0]LogConfig: Setting CVar [[r.Streaming.MipBias:0]]
[2023.07.10-16.00.41:845][  0]LogConfig: Setting CVar [[r.Streaming.AmortizeCPUToGPUCopy:0]]
[2023.07.10-16.00.41:845][  0]LogConfig: Setting CVar [[r.Streaming.MaxNumTexturesToStreamPerFrame:0]]
[2023.07.10-16.00.41:845][  0]LogConfig: Setting CVar [[r.Streaming.Boost:1]]
[2023.07.10-16.00.41:845][  0]LogConfig: Setting CVar [[r.MaxAnisotropy:8]]
[2023.07.10-16.00.41:845][  0]LogConfig: Setting CVar [[r.VT.MaxAnisotropy:8]]
[2023.07.10-16.00.41:845][  0]LogConfig: Setting CVar [[r.Streaming.LimitPoolSizeToVRAM:0]]
[2023.07.10-16.00.41:845][  0]LogConfig: Setting CVar [[r.Streaming.PoolSize:1000]]
[2023.07.10-16.00.41:845][  0]LogConfig: Setting CVar [[r.Streaming.MaxEffectiveScreenSize:0]]
[2023.07.10-16.00.41:845][  0]LogConfig: Applying CVar settings from Section [EffectsQuality@3] File [E:/Github Work/ANONPlayerCharacterProto/ANONCharacterProto/Saved/Config/Windows/Scalability.ini]
[2023.07.10-16.00.41:845][  0]LogConfig: Setting CVar [[r.TranslucencyLightingVolumeDim:64]]
[2023.07.10-16.00.41:845][  0]LogConfig: Setting CVar [[r.RefractionQuality:2]]
[2023.07.10-16.00.41:845][  0]LogConfig: Setting CVar [[r.SSR.Quality:3]]
[2023.07.10-16.00.41:845][  0]LogConfig: Setting CVar [[r.SSR.HalfResSceneColor:0]]
[2023.07.10-16.00.41:845][  0]LogConfig: Setting CVar [[r.SceneColorFormat:4]]
[2023.07.10-16.00.41:845][  0]LogConfig: Setting CVar [[r.DetailMode:2]]
[2023.07.10-16.00.41:845][  0]LogConfig: Setting CVar [[r.TranslucencyVolumeBlur:1]]
[2023.07.10-16.00.41:845][  0]LogConfig: Setting CVar [[r.MaterialQualityLevel:1 ; High quality]]
[2023.07.10-16.00.41:845][  0]LogConfig: Setting CVar [[r.AnisotropicMaterials:1]]
[2023.07.10-16.00.41:845][  0]LogConfig: Setting CVar [[r.SSS.Scale:1]]
[2023.07.10-16.00.41:845][  0]LogConfig: Setting CVar [[r.SSS.SampleSet:2]]
[2023.07.10-16.00.41:845][  0]LogConfig: Setting CVar [[r.SSS.Quality:1]]
[2023.07.10-16.00.41:845][  0]LogConfig: Setting CVar [[r.SSS.HalfRes:0]]
[2023.07.10-16.00.41:845][  0]LogConfig: Setting CVar [[r.SSGI.Quality:3]]
[2023.07.10-16.00.41:845][  0]LogConfig: Setting CVar [[r.EmitterSpawnRateScale:1.0]]
[2023.07.10-16.00.41:845][  0]LogConfig: Setting CVar [[r.ParticleLightQuality:2]]
[2023.07.10-16.00.41:845][  0]LogConfig: Setting CVar [[r.SkyAtmosphere.AerialPerspectiveLUT.FastApplyOnOpaque:1 ; Always have FastSkyLUT 1 in this case to avoid wrong sky]]
[2023.07.10-16.00.41:845][  0]LogConfig: Setting CVar [[r.SkyAtmosphere.AerialPerspectiveLUT.SampleCountMaxPerSlice:4]]
[2023.07.10-16.00.41:845][  0]LogConfig: Setting CVar [[r.SkyAtmosphere.AerialPerspectiveLUT.DepthResolution:16.0]]
[2023.07.10-16.00.41:845][  0]LogConfig: Setting CVar [[r.SkyAtmosphere.FastSkyLUT:1]]
[2023.07.10-16.00.41:845][  0]LogConfig: Setting CVar [[r.SkyAtmosphere.FastSkyLUT.SampleCountMin:4.0]]
[2023.07.10-16.00.41:845][  0]LogConfig: Setting CVar [[r.SkyAtmosphere.FastSkyLUT.SampleCountMax:128.0]]
[2023.07.10-16.00.41:845][  0]LogConfig: Setting CVar [[r.SkyAtmosphere.SampleCountMin:4.0]]
[2023.07.10-16.00.41:845][  0]LogConfig: Setting CVar [[r.SkyAtmosphere.SampleCountMax:128.0]]
[2023.07.10-16.00.41:845][  0]LogConfig: Setting CVar [[r.SkyAtmosphere.TransmittanceLUT.UseSmallFormat:0]]
[2023.07.10-16.00.41:845][  0]LogConfig: Setting CVar [[r.SkyAtmosphere.TransmittanceLUT.SampleCount:10.0]]
[2023.07.10-16.00.41:846][  0]LogConfig: Setting CVar [[r.SkyAtmosphere.MultiScatteringLUT.SampleCount:15.0]]
[2023.07.10-16.00.41:846][  0]LogConfig: Setting CVar [[r.SkyLight.RealTimeReflectionCapture:1]]
[2023.07.10-16.00.41:846][  0]LogConfig: Applying CVar settings from Section [FoliageQuality@3] File [E:/Github Work/ANONPlayerCharacterProto/ANONCharacterProto/Saved/Config/Windows/Scalability.ini]
[2023.07.10-16.00.41:846][  0]LogConfig: Setting CVar [[foliage.DensityScale:1.0]]
[2023.07.10-16.00.41:846][  0]LogConfig: Setting CVar [[grass.DensityScale:1.0]]
[2023.07.10-16.00.41:846][  0]LogConfig: Applying CVar settings from Section [ShadingQuality@3] File [E:/Github Work/ANONPlayerCharacterProto/ANONCharacterProto/Saved/Config/Windows/Scalability.ini]
[2023.07.10-16.00.41:846][  0]LogConfig: Setting CVar [[r.HairStrands.SkyLighting.IntegrationType:2]]
[2023.07.10-16.00.41:846][  0]LogConfig: Setting CVar [[r.HairStrands.SkyAO.SampleCount:4]]
[2023.07.10-16.00.41:846][  0]LogConfig: Setting CVar [[r.HairStrands.Visibility.MSAA.SamplePerPixel:4]]
[2023.07.10-16.00.41:846][  0]LogConfig: Applying CVar settings from Section [Startup] File [../../../Engine/Config/ConsoleVariables.ini]
[2023.07.10-16.00.41:861][  0]LogConfig: Setting CVar [[net.UseAdaptiveNetUpdateFrequency:0]]
[2023.07.10-16.00.41:861][  0]LogConfig: Setting CVar [[p.chaos.AllowCreatePhysxBodies:1]]
[2023.07.10-16.00.41:861][  0]LogConfig: Setting CVar [[fx.SkipVectorVMBackendOptimizations:1]]
[2023.07.10-16.00.41:861][  0]LogConfig: Applying CVar settings from Section [ConsoleVariables] File [E:/Github Work/ANONPlayerCharacterProto/ANONCharacterProto/Saved/Config/Windows/Engine.ini]
[2023.07.10-16.00.41:861][  0]LogConfig: Applying CVar settings from Section [ConsoleVariables] File [E:/Github Work/ANONPlayerCharacterProto/ANONCharacterProto/Saved/Config/Windows/Editor.ini]
[2023.07.10-16.00.41:885][  0]LogInit: Computer: DESKTOP-L6PPMNG
[2023.07.10-16.00.41:885][  0]LogInit: User: DanielGeorge
[2023.07.10-16.00.41:885][  0]LogInit: CPU Page size=4096, Cores=4
[2023.07.10-16.00.41:885][  0]LogInit: High frequency timer resolution =10.000000 MHz
[2023.07.10-16.00.41:891][  0]LogMemory: Memory total: Physical=15.8GB (16GB approx)
[2023.07.10-16.00.41:896][  0]LogMemory: Platform Memory Stats for Windows
[2023.07.10-16.00.41:896][  0]LogMemory: Process Physical Memory: 145.61 MB used, 148.73 MB peak
[2023.07.10-16.00.41:896][  0]LogMemory: Process Virtual Memory: 130.17 MB used, 130.17 MB peak
[2023.07.10-16.00.41:896][  0]LogMemory: Physical Memory: 13958.66 MB used,  2178.11 MB free, 16136.77 MB total
[2023.07.10-16.00.41:896][  0]LogMemory: Virtual Memory: 134212232.00 MB used,  5495.67 MB free, 134217728.00 MB total
[2023.07.10-16.00.41:920][  0]LogWindows: WindowsPlatformFeatures enabled
[2023.07.10-16.00.42:781][  0]LogInit: Physics initialised using underlying interface: PhysX
[2023.07.10-16.00.42:802][  0]LogInit: Using OS detected language (en-US).
[2023.07.10-16.00.42:802][  0]LogInit: Using OS detected locale (en-CA).
[2023.07.10-16.00.42:972][  0]LogTextLocalizationManager: No specific localization for 'en-US' exists, so the 'en' localization will be used.
[2023.07.10-16.00.43:809][  0]LogInit: Setting process to per monitor DPI aware
[2023.07.10-16.00.44:152][  0]LogWindowsTextInputMethodSystem: Display: IME system deactivated.
[2023.07.10-16.00.44:857][  0]LogSlate: New Slate User Created.  User Index 0, Is Virtual User: 0
[2023.07.10-16.00.44:857][  0]LogSlate: Slate User Registered.  User Index 0, Is Virtual User: 0
[2023.07.10-16.00.48:710][  0]LogD3D11RHI: Loaded GFSDK_Aftermath_Lib.x64.dll
[2023.07.10-16.00.49:052][  0]LogHMD: Optional extension XR_VARJO_quad_views is not available
[2023.07.10-16.00.49:053][  0]LogHMD: Warning: Required extension XR_EXT_eye_gaze_interaction is not available
[2023.07.10-16.00.49:053][  0]LogHMD: Could not enable all required OpenXR extensions for OpenXREyeTracker on current system. This plugin will be loaded but ignored, but will be enabled on a target platform that supports the required extension.
[2023.07.10-16.00.49:086][  0]LogHMD: Failed to create an OpenXR instance, result is XR_ERROR_RUNTIME_FAILURE. Please check if you have an OpenXR runtime installed. The following extensions were enabled:
[2023.07.10-16.00.49:086][  0]LogHMD: - XR_KHR_D3D11_enable
[2023.07.10-16.00.49:086][  0]LogHMD: - XR_KHR_D3D12_enable
[2023.07.10-16.00.49:086][  0]LogHMD: - XR_KHR_opengl_enable
[2023.07.10-16.00.49:086][  0]LogHMD: - XR_KHR_vulkan_enable
[2023.07.10-16.00.49:087][  0]LogHMD: - XR_KHR_composition_layer_depth
[2023.07.10-16.00.49:087][  0]LogHMD: - XR_KHR_visibility_mask
[2023.07.10-16.00.49:087][  0]LogHMD: - XR_EXT_hand_tracking
[2023.07.10-16.00.49:087][  0]LogD3D11RHI: D3D11 min allowed feature level: 11_0
[2023.07.10-16.00.49:087][  0]LogD3D11RHI: D3D11 max allowed feature level: 11_0
[2023.07.10-16.00.49:087][  0]LogD3D11RHI: D3D11 adapters:
[2023.07.10-16.00.49:334][  0]LogD3D11RHI:    0. 'NVIDIA GeForce GTX 1650' (Feature Level 11_0)
[2023.07.10-16.00.49:334][  0]LogD3D11RHI:       3949/0/8068 MB DedicatedVideo/DedicatedSystem/SharedSystem, Outputs:1, VendorId:0x10de
[2023.07.10-16.00.49:347][  0]LogD3D11RHI:    1. 'Microsoft Basic Render Driver' (Feature Level 11_0)
[2023.07.10-16.00.49:348][  0]LogD3D11RHI:       0/0/8068 MB DedicatedVideo/DedicatedSystem/SharedSystem, Outputs:0, VendorId:0x1414
[2023.07.10-16.00.49:572][  0]LogD3D11RHI:    2. 'NVIDIA GeForce GTX 1650' (Feature Level 11_0)
[2023.07.10-16.00.49:572][  0]LogD3D11RHI:       3949/0/8068 MB DedicatedVideo/DedicatedSystem/SharedSystem, Outputs:0, VendorId:0x10de
[2023.07.10-16.00.49:572][  0]LogD3D11RHI: Chosen D3D11 Adapter:
[2023.07.10-16.00.49:572][  0]LogD3D11RHI:     Description : NVIDIA GeForce GTX 1650
[2023.07.10-16.00.49:572][  0]LogD3D11RHI:     VendorId    : 10de
[2023.07.10-16.00.49:572][  0]LogD3D11RHI:     DeviceId    : 1f82
[2023.07.10-16.00.49:572][  0]LogD3D11RHI:     SubSysId    : 155619da
[2023.07.10-16.00.49:572][  0]LogD3D11RHI:     Revision    : 00a1
[2023.07.10-16.00.49:572][  0]LogD3D11RHI:     DedicatedVideoMemory : 4140826624 bytes
[2023.07.10-16.00.49:572][  0]LogD3D11RHI:     DedicatedSystemMemory : 0 bytes
[2023.07.10-16.00.49:572][  0]LogD3D11RHI:     SharedSystemMemory : 8460314624 bytes
[2023.07.10-16.00.49:572][  0]LogD3D11RHI:     AdapterLuid : 0 67231
[2023.07.10-16.00.49:622][  0]LogD3D11RHI: Creating new Direct3DDevice
[2023.07.10-16.00.49:622][  0]LogD3D11RHI:     GPU DeviceId: 0x1f82 (for the marketing name, search the web for "GPU Device Id")
[2023.07.10-16.00.49:622][  0]LogWindows: EnumDisplayDevices:
[2023.07.10-16.00.49:623][  0]LogWindows:    0. 'NVIDIA GeForce GTX 1650' (P:1 D:1)
[2023.07.10-16.00.49:623][  0]LogWindows:    1. 'NVIDIA GeForce GTX 1650' (P:0 D:0)
[2023.07.10-16.00.49:623][  0]LogWindows:    2. 'NVIDIA GeForce GTX 1650' (P:0 D:0)
[2023.07.10-16.00.49:624][  0]LogWindows:    3. 'NVIDIA GeForce GTX 1650' (P:0 D:0)
[2023.07.10-16.00.49:624][  0]LogWindows:    4. 'Parsec Virtual Display Adapter' (P:0 D:0)
[2023.07.10-16.00.49:624][  0]LogWindows:    5. 'Parsec Virtual Display Adapter' (P:0 D:0)
[2023.07.10-16.00.49:625][  0]LogWindows:    6. 'Parsec Virtual Display Adapter' (P:0 D:0)
[2023.07.10-16.00.49:625][  0]LogWindows:    7. 'Parsec Virtual Display Adapter' (P:0 D:0)
[2023.07.10-16.00.49:625][  0]LogWindows:    8. 'Parsec Virtual Display Adapter' (P:0 D:0)
[2023.07.10-16.00.49:626][  0]LogWindows:    9. 'Parsec Virtual Display Adapter' (P:0 D:0)
[2023.07.10-16.00.49:626][  0]LogWindows:    10. 'Parsec Virtual Display Adapter' (P:0 D:0)
[2023.07.10-16.00.49:626][  0]LogWindows:    11. 'Parsec Virtual Display Adapter' (P:0 D:0)
[2023.07.10-16.00.49:627][  0]LogWindows:    12. 'Parsec Virtual Display Adapter' (P:0 D:0)
[2023.07.10-16.00.49:627][  0]LogWindows:    13. 'Parsec Virtual Display Adapter' (P:0 D:0)
[2023.07.10-16.00.49:627][  0]LogWindows:    14. 'Parsec Virtual Display Adapter' (P:0 D:0)
[2023.07.10-16.00.49:628][  0]LogWindows:    15. 'Parsec Virtual Display Adapter' (P:0 D:0)
[2023.07.10-16.00.49:628][  0]LogWindows:    16. 'Parsec Virtual Display Adapter' (P:0 D:0)
[2023.07.10-16.00.49:628][  0]LogWindows:    17. 'Parsec Virtual Display Adapter' (P:0 D:0)
[2023.07.10-16.00.49:628][  0]LogWindows:    18. 'Parsec Virtual Display Adapter' (P:0 D:0)
[2023.07.10-16.00.49:629][  0]LogWindows:    19. 'Parsec Virtual Display Adapter' (P:0 D:0)
[2023.07.10-16.00.49:629][  0]LogWindows: DebugString: GetVideoDriverDetailsInvalid PrimaryIsNotTheChoosenAdapter GetVideoDriverDetailsInvalid PrimaryIsNotTheChoosenAdapter GetVideoDriverDetailsInvalid PrimaryIsNotTheChoosenAdapter GetVideoDriverDetailsInvalid PrimaryIsNotTheChoosenAdapter GetVideoDriverDetailsInvalid PrimaryIsNotTheChoosenAdapter GetVideoDriverDetailsInvalid PrimaryIsNotTheChoosenAdapter GetVideoDriverDetailsInvalid PrimaryIsNotTheChoosenAdapter GetVideoDriverDetailsInvalid PrimaryIsNotTheChoosenAdapter GetVideoDriverDetailsInvalid PrimaryIsNotTheChoosenAdapter GetVideoDriverDetailsInvalid PrimaryIsNotTheChoosenAdapter GetVideoDriverDetailsInvalid PrimaryIsNotTheChoosenAdapter GetVideoDriverDetailsInvalid PrimaryIsNotTheChoosenAdapter GetVideoDriverDetailsInvalid PrimaryIsNotTheChoosenAdapter GetVideoDriverDetailsInvalid PrimaryIsNotTheChoosenAdapter GetVideoDriverDetailsInvalid PrimaryIsNotTheChoosenAdapter GetVideoDriverDetailsInvalid PrimaryIsNotTheChoosenAdapter FoundDriverCount:4 
[2023.07.10-16.00.49:629][  0]LogD3D11RHI:     Adapter Name: NVIDIA GeForce GTX 1650
[2023.07.10-16.00.49:629][  0]LogD3D11RHI:   Driver Version: 531.79 (internal:31.0.15.3179, unified:531.79)
[2023.07.10-16.00.49:630][  0]LogD3D11RHI:      Driver Date: 4-25-2023
[2023.07.10-16.00.49:630][  0]LogRHI: Texture pool is 2764 MB (70% of 3949 MB)
[2023.07.10-16.00.49:630][  0]LogD3D11RHI: Creating D3DDevice using adapter:
[2023.07.10-16.00.49:630][  0]LogD3D11RHI:     Description : NVIDIA GeForce GTX 1650
[2023.07.10-16.00.49:630][  0]LogD3D11RHI:     VendorId    : 10de
[2023.07.10-16.00.49:630][  0]LogD3D11RHI:     DeviceId    : 1f82
[2023.07.10-16.00.49:630][  0]LogD3D11RHI:     SubSysId    : 155619da
[2023.07.10-16.00.49:630][  0]LogD3D11RHI:     Revision    : 00a1
[2023.07.10-16.00.49:630][  0]LogD3D11RHI:     DedicatedVideoMemory : 4140826624 bytes
[2023.07.10-16.00.49:630][  0]LogD3D11RHI:     DedicatedSystemMemory : 0 bytes
[2023.07.10-16.00.49:630][  0]LogD3D11RHI:     SharedSystemMemory : 8460314624 bytes
[2023.07.10-16.00.49:630][  0]LogD3D11RHI:     AdapterLuid : 0 67231
[2023.07.10-16.00.49:769][  0]LogD3D11RHI: RHI has support for 64 bit atomics
[2023.07.10-16.00.49:781][  0]LogD3D11RHI: Async texture creation enabled
[2023.07.10-16.00.49:781][  0]LogD3D11RHI: Array index from any shader is supported
[2023.07.10-16.00.50:284][  0]LogD3D11RHI: GPU Timing Frequency: 1000.000000 (Debug: 2 1)
[2023.07.10-16.00.50:574][  0]LogRHI: GeForceNow SDK initialized: 1
[2023.07.10-16.00.51:542][  0]LogTargetPlatformManager: Display: Loaded TargetPlatform 'AllDesktop'
[2023.07.10-16.00.51:612][  0]LogTargetPlatformManager: Display: Loaded TargetPlatform 'Android'
[2023.07.10-16.00.51:612][  0]LogTargetPlatformManager: Display: Loaded TargetPlatform 'Android_ASTC'
[2023.07.10-16.00.51:612][  0]LogTargetPlatformManager: Display: Loaded TargetPlatform 'Android_DXT'
[2023.07.10-16.00.51:612][  0]LogTargetPlatformManager: Display: Loaded TargetPlatform 'Android_ETC2'
[2023.07.10-16.00.51:612][  0]LogTargetPlatformManager: Display: Loaded TargetPlatform 'AndroidClient'
[2023.07.10-16.00.51:612][  0]LogTargetPlatformManager: Display: Loaded TargetPlatform 'Android_ASTCClient'
[2023.07.10-16.00.51:612][  0]LogTargetPlatformManager: Display: Loaded TargetPlatform 'Android_DXTClient'
[2023.07.10-16.00.51:612][  0]LogTargetPlatformManager: Display: Loaded TargetPlatform 'Android_ETC2Client'
[2023.07.10-16.00.51:612][  0]LogTargetPlatformManager: Display: Loaded TargetPlatform 'Android_Multi'
[2023.07.10-16.00.51:612][  0]LogTargetPlatformManager: Display: Loaded TargetPlatform 'Android_MultiClient'
[2023.07.10-16.00.51:714][  0]LogTargetPlatformManager: Display: Loaded TargetPlatform 'IOSClient'
[2023.07.10-16.00.51:714][  0]LogTargetPlatformManager: Display: Loaded TargetPlatform 'IOS'
[2023.07.10-16.00.51:769][  0]LogTargetPlatformManager: Display: Loaded TargetPlatform 'Linux'
[2023.07.10-16.00.51:795][  0]LogTargetPlatformManager: Display: Loaded TargetPlatform 'LinuxNoEditor'
[2023.07.10-16.00.51:817][  0]LogTargetPlatformManager: Display: Loaded TargetPlatform 'LinuxClient'
[2023.07.10-16.00.51:846][  0]LogTargetPlatformManager: Display: Loaded TargetPlatform 'LinuxServer'
[2023.07.10-16.00.51:902][  0]LogTargetPlatformManager: Display: Loaded TargetPlatform 'LinuxAArch64NoEditor'
[2023.07.10-16.00.51:933][  0]LogTargetPlatformManager: Display: Loaded TargetPlatform 'LinuxAArch64Client'
[2023.07.10-16.00.51:962][  0]LogTargetPlatformManager: Display: Loaded TargetPlatform 'LinuxAArch64Server'
[2023.07.10-16.00.52:047][  0]LogTargetPlatformManager: Display: Loaded TargetPlatform 'Lumin'
[2023.07.10-16.00.52:048][  0]LogTargetPlatformManager: Display: Loaded TargetPlatform 'LuminClient'
[2023.07.10-16.00.52:100][  0]LogTargetPlatformManager: Display: Loaded TargetPlatform 'MacNoEditor'
[2023.07.10-16.00.52:124][  0]LogTargetPlatformManager: Display: Loaded TargetPlatform 'Mac'
[2023.07.10-16.00.52:148][  0]LogTargetPlatformManager: Display: Loaded TargetPlatform 'MacClient'
[2023.07.10-16.00.52:178][  0]LogTargetPlatformManager: Display: Loaded TargetPlatform 'MacServer'
[2023.07.10-16.00.52:211][  0]LogTargetPlatformManager: Display: Loaded TargetPlatform 'TVOSClient'
[2023.07.10-16.00.52:211][  0]LogTargetPlatformManager: Display: Loaded TargetPlatform 'TVOS'
[2023.07.10-16.00.52:259][  0]LogTargetPlatformManager: Display: Loaded TargetPlatform 'WindowsNoEditor'
[2023.07.10-16.00.52:303][  0]LogTargetPlatformManager: Display: Loaded TargetPlatform 'Windows'
[2023.07.10-16.00.52:323][  0]LogTargetPlatformManager: Display: Loaded TargetPlatform 'WindowsClient'
[2023.07.10-16.00.52:347][  0]LogTargetPlatformManager: Display: Loaded TargetPlatform 'WindowsServer'
[2023.07.10-16.00.52:347][  0]LogTargetPlatformManager: Display: Building Assets For Windows
[2023.07.10-16.00.52:600][  0]LogAudioDebug: Display: Lib vorbis DLL was dynamically loaded.
[2023.07.10-16.00.53:105][  0]LogTextureFormatOodle: Display: Oodle Texture 2.9.0 init RDO Off
[2023.07.10-16.00.53:878][  0]LogRendererCore: Ray tracing is disabled. Reason: r.RayTracing=0.
[2023.07.10-16.00.53:933][  0]LogShaderCompilers: Guid format shader working directory is -17 characters bigger than the processId version (../../../../../Github Work/ANONPlayerCharacterProto/ANONCharacterProto/Intermediate/Shaders/WorkingDirectory/52428/).
[2023.07.10-16.00.53:933][  0]LogShaderCompilers: Cleaned the shader compiler working directory 'C:/Users/Daniel George/AppData/Local/Temp/UnrealShaderWorkingDir/DAF785BB4A53EC0D040D7DB74A821CA4/'.
[2023.07.10-16.00.53:951][  0]LogXGEController: Cannot use XGE Controller as Incredibuild is not installed on this machine.
[2023.07.10-16.00.53:951][  0]LogShaderCompilers: Cannot use XGE Shader Compiler as Incredibuild is not installed on this machine.
[2023.07.10-16.00.53:980][  0]LogShaderCompilers: Display: Using Local Shader Compiler.
[2023.07.10-16.01.05:173][  0]LogDerivedDataCache: Display: Max Cache Size: 512 MB
[2023.07.10-16.01.05:438][  0]LogDerivedDataCache: Loaded boot cache 0.26s 94MB C:/Users/Daniel George/AppData/Local/UnrealEngine/4.27/DerivedDataCache/Boot.ddc.
[2023.07.10-16.01.05:438][  0]LogDerivedDataCache: Display: Loaded Boot cache: C:/Users/Daniel George/AppData/Local/UnrealEngine/4.27/DerivedDataCache/Boot.ddc
[2023.07.10-16.01.05:438][  0]LogDerivedDataCache: FDerivedDataBackendGraph:  Pak pak cache file ../../../../../Github Work/ANONPlayerCharacterProto/ANONCharacterProto/DerivedDataCache/DDC.ddp not found, will not use a pak cache.
[2023.07.10-16.01.05:438][  0]LogDerivedDataCache: Unable to find inner node Pak for hierarchical cache Hierarchy.
[2023.07.10-16.01.05:438][  0]LogDerivedDataCache: FDerivedDataBackendGraph:  CompressedPak pak cache file ../../../../../Github Work/ANONPlayerCharacterProto/ANONCharacterProto/DerivedDataCache/Compressed.ddp not found, will not use a pak cache.
[2023.07.10-16.01.05:438][  0]LogDerivedDataCache: Unable to find inner node CompressedPak for hierarchical cache Hierarchy.
[2023.07.10-16.01.05:550][  0]LogDerivedDataCache: Display: Pak cache opened for reading ../../../Engine/DerivedDataCache/Compressed.ddp.
[2023.07.10-16.01.05:550][  0]LogDerivedDataCache: FDerivedDataBackendGraph:  EnterprisePak pak cache file ../../../Enterprise/DerivedDataCache/Compressed.ddp not found, will not use a pak cache.
[2023.07.10-16.01.05:550][  0]LogDerivedDataCache: Unable to find inner node EnterprisePak for hierarchical cache Hierarchy.
[2023.07.10-16.01.05:606][  0]LogDerivedDataCache: Speed tests for C:/Users/Daniel George/AppData/Local/UnrealEngine/Common/DerivedDataCache took 0.06 seconds
[2023.07.10-16.01.05:606][  0]LogDerivedDataCache: Display: Performance to C:/Users/Daniel George/AppData/Local/UnrealEngine/Common/DerivedDataCache: Latency=0.46ms. RandomReadSpeed=22.02MBs, RandomWriteSpeed=100.04MBs. Assigned SpeedClass 'Local'
[2023.07.10-16.01.05:607][  0]LogDerivedDataCache: Using Local data cache path C:/Users/Daniel George/AppData/Local/UnrealEngine/Common/DerivedDataCache: Writable
[2023.07.10-16.01.05:607][  0]LogDerivedDataCache: Shared data cache path not found in *engine.ini, will not use an Shared cache.
[2023.07.10-16.01.05:607][  0]LogDerivedDataCache: Unable to find inner node Shared for hierarchical cache Hierarchy.
[2023.07.10-16.01.05:813][  0]LogSlate: Using FreeType 2.10.0
[2023.07.10-16.01.05:975][  0]LogSlate: SlateFontServices - WITH_FREETYPE: 1, WITH_HARFBUZZ: 1
[2023.07.10-16.01.06:005][  0]LogHMD: Optional extension XR_VARJO_quad_views is not available
[2023.07.10-16.01.06:005][  0]LogHMD: Warning: Required extension XR_EXT_eye_gaze_interaction is not available
[2023.07.10-16.01.06:005][  0]LogHMD: Could not enable all required OpenXR extensions for OpenXREyeTracker on current system. This plugin will be loaded but ignored, but will be enabled on a target platform that supports the required extension.
[2023.07.10-16.01.06:036][  0]LogHMD: Failed to create an OpenXR instance, result is XR_ERROR_RUNTIME_FAILURE. Please check if you have an OpenXR runtime installed. The following extensions were enabled:
[2023.07.10-16.01.06:036][  0]LogHMD: - XR_KHR_D3D11_enable
[2023.07.10-16.01.06:036][  0]LogHMD: - XR_KHR_D3D12_enable
[2023.07.10-16.01.06:036][  0]LogHMD: - XR_KHR_opengl_enable
[2023.07.10-16.01.06:036][  0]LogHMD: - XR_KHR_vulkan_enable
[2023.07.10-16.01.06:036][  0]LogHMD: - XR_KHR_composition_layer_depth
[2023.07.10-16.01.06:036][  0]LogHMD: - XR_KHR_visibility_mask
[2023.07.10-16.01.06:036][  0]LogHMD: - XR_EXT_hand_tracking
[2023.07.10-16.01.07:273][  0]LogAssetRegistry: FAssetRegistry took 0.0280 seconds to start up
[2023.07.10-16.01.12:348][  0]LogInit: Selected Device Profile: [Windows]
[2023.07.10-16.01.12:348][  0]LogInit: Active device profile: [00000160A8DDCF00][000001609D2BF3C0 49] Windows
[2023.07.10-16.01.12:348][  0]LogInit: Profiles: [00000160A8DDCF00][000001609D2BF3C0 49] Windows, [00000160A8DA6500][00000160A2CDD540 49] WindowsNoEditor, [00000160A8DDDF00][00000160A2CE16C0 49] WindowsServer, [00000160A8DA5700][00000160A2CE5840 49] WindowsClient, [00000160A8DDD000][00000160A2CE99C0 49] IOS, [00000160A8DA7B00][00000160A2CEDB40 49] iPadAir, [00000160A8DDF300][000001609CF44140 49] iPadAir2, [00000160A8D4D300][000001609CF4C400 49] IPadPro, [00000160A8D4D400][000001609CF48440 49] iPadAir3, [00000160A8DA4B00][000001609CF505C0 49] iPadAir4, [00000160A8D4E100][000001609CF54740 49] iPadMini2, [00000160A8DA7500][000001609CF588C0 49] iPadMini3, [00000160A8D4EC00][000001609CF5CA40 49] iPadMini4, [00000160A8DA6800][00000160A2CD8B80 49] iPadMini5, [00000160A8D94E00][000001609CF64DC0 49] iPhone6, [00000160A8D94F00][000001609CF60E00 49] iPodTouch6, [00000160A8DDE800][000001609CF71080 49] iPhone7, [00000160A8DDE900][000001609CF690C0 49] iPodTouch7, [00000160A8D4CC00][000001609CF75240 49] iPhone5S, [00000160A8DDD300][000001609CF793C0 49] iPhone6Plus, [00000160A8D4EA00][000001609CF7D540 49] iPhone6S, [00000160A8DDED00][00000160A29556C0 49] iPhone6SPlus, [00000160A8D94100][00000160A2959840 49] iPhone7Plus, [00000160A8D4DD00][00000160A295D9C0 49] iPhoneSE, [00000160A8D94C00][00000160A2961B40 49] iPhone8, [00000160A8D4C400][00000160A2964140 49] iPhone8Plus, [00000160A8D96A00][00000160A29682C0 49] iPhoneX, [00000160A8D4FC00][00000160A296C440 49] iPhoneXS, [00000160A8D96900][00000160A29705C0 49] iPhoneXSMax, [00000160A8D4CB00][00000160A2974740 49] iPhoneXR, [00000160A8DDF800][00000160A29788C0 49] iPhone11, [00000160A8D4FD00][00000160A297CA40 49] iPhone11Pro, [00000160A8DDDC00][00000160A2980BC0 49] iPhone11ProMax, [00000160A8D4D100][00000160A2984D40 49] iPhoneSE2, [00000160A8DDD200][000001609CF6CE80 49] iPhone12Mini, [00000160A8D4F100][00000160A2988FC0 49] iPhone12, [00000160A8DDC900][00000160A298D100 49] iPhone12Pro, [00000160A8D4CD00][00000160A2995280 49] iPhone12ProMax, [00000160A8DDFC00][00000160A2999400 49] iPadPro105, [00000160A8D4F700][00000160A299D580 49] iPadPro129, [00000160A8DDF000][00000160A29A1700 49] iPadPro97, [00000160A8D4CF00][00000160A99BD880 49] iPadPro2_129, [00000160A8DDCC00][00000160A99C1A00 49] iPad5, [00000160A8D4FB00][00000160A99C5B80 49] iPad6, [00000160A8DDC400][00000160A99C8180 49] iPad7, [00000160A8D4FE00][00000160A99CC300 49] iPad8, [00000160A8DDDB00][00000160A99D0480 49] iPadPro11, [00000160A8D4E400][00000160A99D4600 49] iPadPro2_11, [00000160A8DDC800][00000160A99D8780 49] iPadPro3_129, [00000160A8D4E800][00000160A99DC900 49] iPadPro4_129, [00000160A8DDEF00][00000160A99E0A80 49] AppleTV, [00000160A8D4D200][00000160A99E4C00 49] AppleTV4K, [00000160A8DDD700][00000160A99E8D80 49] TVOS, [00000160A8D4F600][00000160A99ECF00 49] Mac, [00000160A8DDFA00][00000160A2991040 49] MacClient, [00000160A8D4E500][00000160A99F1180 49] MacNoEditor, [00000160A8DDC500][00000160A99F52C0 49] MacServer, [00000160A8D4E000][00000160A99FD440 49] Linux, [00000160A8DDFB00][00000160A9A015C0 49] LinuxAArch64, [00000160A8D4C300][00000160A9A05740 49] LinuxNoEditor, [00000160A8DDF700][00000160A9A098C0 49] LinuxAArch64NoEditor, [00000160A8D4E600][00000160A9A0DA40 49] LinuxClient, [00000160A8DDE600][00000160A9A11BC0 49] LinuxAArch64Client, [00000160A8D4DA00][00000160A9A141C0 49] LinuxServer, [00000160A8DDC200][00000160A9A18340 49] LinuxAArch64Server, [00000160A8D4D600][00000160A9A1C4C0 49] Android, [00000160A8DDE100][00000160A9A20640 49] Android_Low, [00000160A8D4F800][00000160A9A247C0 49] Android_Mid, [00000160A8DDC600][00000160A9A28940 49] Android_High, [00000160A8D4E300][00000160A9A2CAC0 49] Android_Default, [00000160A8DDE300][00000160A9A30C40 49] Android_Adreno4xx, [00000160A8D4F000][00000160A9A34DC0 49] Android_Adreno5xx_Low, [00000160A8DDEA00][00000160A9A38F40 49] Android_Adreno5xx, [00000160A8D4C100][00000160A9A3D0C0 49] Android_Adreno6xx, [00000160A8DDCB00][00000160A99F9200 49] Android_Adreno6xx_Vulkan, [00000160A8D4CA00][00000160A9A41340 49] Android_Mali_T6xx, [00000160A8DDC700][00000160A9A45480 49] Android_Mali_T7xx, [00000160A8DA5B00][00000160A9A495C0 49] Android_Mali_T8xx, [00000160A8D94300][00000160A9A51740 49] Android_Mali_G71, [00000160A8DA4600][00000160A9A558C0 49] Android_Mali_G72, [00000160A8D95200][00000160A9A59A40 49] Android_Mali_G72_Vulkan, [00000160A8DA7F00][00000160A9A5DBC0 49] Android_Mali_G76, [00000160A8D94700][00000160A9A601C0 49] Android_Mali_G76_Vulkan, [00000160A8DA7E00][00000160A9A64340 49] Android_Mali_G77, [00000160A8D97B00][00000160A9A684C0 49] Android_Mali_G77_Vulkan, [00000160A8DA5C00][00000160A9A6C640 49] Android_Mali_G78, [00000160A8D97100][00000160A9A707C0 49] Android_Mali_G78_Vulkan, [00000160A8DA7A00][00000160A9A74940 49] Android_Mali_G710, [00000160A8D96C00][00000160A9A78AC0 49] Android_Mali_G710_Vulkan, [00000160A8DA7700][00000160A9A7CC40 49] Android_Vulkan_SM5, [00000160A8D97800][00000160A9A80DC0 49] Android_PowerVR_G6xxx, [00000160A8DA5A00][00000160A9A84F40 49] Android_PowerVR_GT7xxx, [00000160A8D95D00][00000160A9A890C0 49] Android_PowerVR_GE8xxx, [00000160A8DA6E00][00000160A9A8D240 49] Android_PowerVR_GM9xxx, [00000160A8D94800][00000160A9A4D380 49] Android_PowerVR_GM9xxx_Vulkan, [00000160A8DA5D00][00000160A9A914C0 49] Android_TegraK1, [00000160A8D95000][00000160A9A95600 49] Android_Unknown_Vulkan, [00000160A8DA6400][00000160A9A99740 49] Lumin, [00000160A8D97E00][00000160A9AA18C0 49] Lumin_Desktop, [00000160A8DA6C00][00000160A9AA5A40 49] HoloLens, 
[2023.07.10-16.01.15:391][  0]LogMeshReduction: Using QuadricMeshReduction for automatic static mesh reduction
[2023.07.10-16.01.15:391][  0]LogMeshReduction: Using SimplygonMeshReduction for automatic skeletal mesh reduction
[2023.07.10-16.01.15:391][  0]LogMeshReduction: Using ProxyLODMeshReduction for automatic mesh merging
[2023.07.10-16.01.15:391][  0]LogMeshReduction: No distributed automatic mesh merging module available
[2023.07.10-16.01.15:391][  0]LogMeshMerging: No distributed automatic mesh merging module available
[2023.07.10-16.01.16:181][  0]LogNetVersion: ANONCharacterProto 1.0.0, NetCL: 17155196, EngineNetVer: 17, GameNetVer: 0 (Checksum: 2731179920)
[2023.07.10-16.01.35:439][  0]LogTexture: Default maximum texture size for cubemaps generated from long-lat sources has been changed from 512 to unlimited. In order to preserve old behaiour for '/Engine/MapTemplates/Sky/DaylightAmbientCubemap.DaylightAmbientCubemap', its maximum texture size has been explicitly set to 512.
[2023.07.10-16.01.36:340][  0]LogHMD: PokeAHoleMaterial loaded successfully
[2023.07.10-16.01.36:528][  0]LogUObjectArray: 17075 objects as part of root set at end of initial load.
[2023.07.10-16.01.36:528][  0]LogUObjectAllocator: 4275792 out of 0 bytes used by permanent object pool.
[2023.07.10-16.01.36:537][  0]LogUObjectArray: CloseDisregardForGC: 0/0 objects in disregard for GC pool
[2023.07.10-16.01.41:668][  0]LogNiagaraDebuggerClient: Niagara Debugger Client Initialized | Session: 564C510843D3D2B942FD21953D7D0354 | Instance: D9AF38A141D0368FE31589810425035C (DESKTOP-L6PPMNG-52428).
[2023.07.10-16.01.42:814][  0]LogPython: Using Python 3.7.7
[2023.07.10-16.01.46:781][  0]LogAssetRegistry: Error: Failed to open file for write ../../../../../Github Work/ANONPlayerCharacterProto/ANONCharacterProto/Intermediate/CachedAssetRegistry.bin.tmp
[2023.07.10-16.01.46:781][  0]LogTcpMessaging: Initializing TcpMessaging bridge
[2023.07.10-16.01.46:840][  0]LogUdpMessaging: Initializing bridge on interface 0.0.0.0:0 to multicast group 230.0.0.1:6666.
[2023.07.10-16.01.49:468][  0]SourceControl: Source control is disabled
[2023.07.10-16.01.49:468][  0]SourceControl: Source control is disabled
[2023.07.10-16.01.49:469][  0]SourceControl: Source control is disabled
[2023.07.10-16.01.49:471][  0]SourceControl: Source control is disabled
[2023.07.10-16.01.49:475][  0]SourceControl: Source control is disabled
[2023.07.10-16.01.49:477][  0]LogUProjectInfo: Found projects:
[2023.07.10-16.01.51:250][  0]LogOpenImageDenoise: OIDN starting up
[2023.07.10-16.01.52:389][  0]LogAndroidPermission: UAndroidPermissionCallbackProxy::GetInstance
[2023.07.10-16.01.52:622][  0]LogAudioCaptureCore: Display: No Audio Capture implementations found. Audio input will be silent.
[2023.07.10-16.01.52:622][  0]LogAudioCaptureCore: Display: No Audio Capture implementations found. Audio input will be silent.
[2023.07.10-16.01.54:209][  0]LogCollectionManager: Loaded 0 collections in 0.001343 seconds
[2023.07.10-16.01.54:308][  0]LogFileCache: Scanning file cache for directory 'E:/Github Work/ANONPlayerCharacterProto/ANONCharacterProto/Saved/Collections/' took 0.03s
[2023.07.10-16.01.54:308][  0]LogFileCache: Scanning file cache for directory 'E:/Github Work/ANONPlayerCharacterProto/ANONCharacterProto/Content/Developers/DanielGeorge/Collections/' took 0.00s
[2023.07.10-16.01.54:308][  0]LogFileCache: Scanning file cache for directory 'E:/Github Work/ANONPlayerCharacterProto/ANONCharacterProto/Content/Collections/' took 0.00s
[2023.07.10-16.01.54:515][  0]LogOcInput: OculusInput pre-init called
[2023.07.10-16.02.02:368][  0]LogAutomationTest: Warning: Smoke tests took >2s to run (6.36s). 'FAutomationTestAttemptToFindUninitializedScriptStructMembers' took 5630ms. SmokeFilter tier tests should take less than 1ms. Please optimize or move 'FAutomationTestAttemptToFindUninitializedScriptStructMembers' to a slower tier than SmokeFilter.
[2023.07.10-16.02.03:821][  0]LogEngine: Initializing Engine...
[2023.07.10-16.02.04:672][  0]LogHMD: Optional extension XR_VARJO_quad_views is not available
[2023.07.10-16.02.04:672][  0]LogHMD: Warning: Required extension XR_EXT_eye_gaze_interaction is not available
[2023.07.10-16.02.04:672][  0]LogHMD: Could not enable all required OpenXR extensions for OpenXREyeTracker on current system. This plugin will be loaded but ignored, but will be enabled on a target platform that supports the required extension.
[2023.07.10-16.02.04:695][  0]LogHMD: Failed to create an OpenXR instance, result is XR_ERROR_RUNTIME_FAILURE. Please check if you have an OpenXR runtime installed. The following extensions were enabled:
[2023.07.10-16.02.04:695][  0]LogHMD: - XR_KHR_D3D11_enable
[2023.07.10-16.02.04:695][  0]LogHMD: - XR_KHR_D3D12_enable
[2023.07.10-16.02.04:695][  0]LogHMD: - XR_KHR_opengl_enable
[2023.07.10-16.02.04:695][  0]LogHMD: - XR_KHR_vulkan_enable
[2023.07.10-16.02.04:695][  0]LogHMD: - XR_KHR_composition_layer_depth
[2023.07.10-16.02.04:695][  0]LogHMD: - XR_KHR_visibility_mask
[2023.07.10-16.02.04:695][  0]LogHMD: - XR_EXT_hand_tracking
[2023.07.10-16.02.04:815][  0]LogMagicLeap: Warning: VR disabled because ZI is not enabled.  To enable, in the editor, Edit -> Project Settings -> Plugins -> Magic Leap Plugin -> Enable Zero Iteration
[2023.07.10-16.02.06:590][  0]LogStats: UGameplayTagsManager::InitializeManager -  0.716 s
[2023.07.10-16.02.10:585][  0]LogInit: Initializing FReadOnlyCVARCache
[2023.07.10-16.02.18:830][  0]LogAIModule: Creating AISystem for world Untitled
[2023.07.10-16.02.19:345][  0]LogAudio: Display: Initializing Audio Device Manager...
[2023.07.10-16.02.19:460][  0]LogAudio: Display: Loading Default Audio Settings Objects...
[2023.07.10-16.02.19:490][  0]LogAudio: Display: No default SoundConcurrencyObject specified (or failed to load).
[2023.07.10-16.02.19:510][  0]LogAudio: Display: Audio Device Manager Initialized
[2023.07.10-16.02.19:510][  0]LogAudio: Display: Creating Audio Device:                 Id: 1, Scope: Shared, Realtime: True
[2023.07.10-16.02.19:575][  0]LogAudioMixer: Display: Audio Mixer Platform Settings:
[2023.07.10-16.02.19:576][  0]LogAudioMixer: Display: 	Sample Rate:						  48000
[2023.07.10-16.02.19:576][  0]LogAudioMixer: Display: 	Callback Buffer Frame Size Requested: 1024
[2023.07.10-16.02.19:576][  0]LogAudioMixer: Display: 	Callback Buffer Frame Size To Use:	  1024
[2023.07.10-16.02.19:576][  0]LogAudioMixer: Display: 	Number of buffers to queue:			  2
[2023.07.10-16.02.19:576][  0]LogAudioMixer: Display: 	Max Channels (voices):				  32
[2023.07.10-16.02.19:576][  0]LogAudioMixer: Display: 	Number of Async Source Workers:		  0
[2023.07.10-16.02.19:584][  0]LogAudio: Display: AudioDevice MaxSources: 32
[2023.07.10-16.02.19:717][  0]LogAudio: Display: Audio Spatialization Plugin: None (built-in).
[2023.07.10-16.02.19:717][  0]LogAudio: Display: Audio Reverb Plugin: None (built-in).
[2023.07.10-16.02.19:717][  0]LogAudio: Display: Audio Occlusion Plugin: None (built-in).
[2023.07.10-16.02.19:717][  0]LogAudioMixer: Display: Initializing audio mixer.
[2023.07.10-16.02.20:061][  0]LogAudioMixer: Display: 0: FrontLeft
[2023.07.10-16.02.20:061][  0]LogAudioMixer: Display: 1: FrontRight
[2023.07.10-16.02.20:103][  0]LogAudioMixer: Display: Using Audio Device Speakers (5- G733 Gaming Headset)
[2023.07.10-16.02.20:242][  0]LogAudioMixer: Display: Initializing Sound Submixes...
[2023.07.10-16.02.20:342][  0]LogAudioMixer: Display: Creating Master Submix 'MasterSubmixDefault'
[2023.07.10-16.02.20:342][  0]LogAudioMixer: Display: Creating Master Submix 'MasterReverbSubmixDefault'
[2023.07.10-16.02.20:414][  0]LogAudioMixer: Display: Creating Master Submix 'MasterEQSubmixDefault'
[2023.07.10-16.02.20:465][  0]LogAudioMixer: FMixerPlatformXAudio2::StartAudioStream() called
[2023.07.10-16.02.20:465][  0]LogAudioMixer: Display: Output buffers initialized: Frames=1024, Channels=2, Samples=2048
[2023.07.10-16.02.20:466][  0]LogAudioMixer: Display: Starting AudioMixerPlatformInterface::RunInternal()
[2023.07.10-16.02.20:466][  0]LogAudioMixer: Display: FMixerPlatformXAudio2::SubmitBuffer() called for the first time
[2023.07.10-16.02.20:466][  0]LogInit: FAudioDevice initialized.
[2023.07.10-16.02.20:558][  0]LogAudioMixer: Display: Audio Buffer Underrun (starvation) detected.
[2023.07.10-16.02.20:558][  0]LogAudio: Display: Audio Device (ID: 1) registered with world 'Untitled'.
[2023.07.10-16.02.20:624][  0]LogNetVersion: Set ProjectVersion to 1.0.0.0. Version Checksum will be recalculated on next use.
[2023.07.10-16.02.20:968][  0]LogDerivedDataCache: Saved boot cache 0.34s 94MB C:/Users/Daniel George/AppData/Local/UnrealEngine/4.27/DerivedDataCache/Boot.ddc.
[2023.07.10-16.02.20:969][  0]LogInit: Texture streaming: Enabled
[2023.07.10-16.02.20:979][  0]LogAnalytics: Display: [UEEditor.Rocket.Release] APIServer = https://datarouter.ol.epicgames.com/. AppVersion = 4.27.2-18319896+++UE4+Release-4.27
[2023.07.10-16.02.21:206][  0]LogEngineSessionManager: EngineSessionManager initialized
[2023.07.10-16.02.22:314][  0]LogInit: Transaction tracking system initialized
[2023.07.10-16.02.23:361][  0]BlueprintLog: New page: Editor Load
[2023.07.10-16.02.25:852][  0]LocalizationService: Localization service is disabled
[2023.07.10-16.02.26:536][  0]TimingProfiler: Initialize
[2023.07.10-16.02.26:558][  0]TimingProfiler: OnSessionChanged
[2023.07.10-16.02.26:558][  0]LoadingProfiler: Initialize
[2023.07.10-16.02.26:559][  0]LoadingProfiler: OnSessionChanged
[2023.07.10-16.02.26:559][  0]NetworkingProfiler: Initialize
[2023.07.10-16.02.26:559][  0]NetworkingProfiler: OnSessionChanged
[2023.07.10-16.02.26:559][  0]MemoryProfiler: Initialize
[2023.07.10-16.02.26:559][  0]MemoryProfiler: OnSessionChanged
[2023.07.10-16.02.30:468][  0]LogFileCache: Scanning file cache for directory 'E:/Github Work/ANONPlayerCharacterProto/ANONCharacterProto/Content/' took 0.05s
[2023.07.10-16.02.30:468][  0]LogCook: Display: CookSettings for Memory: MemoryMaxUsedVirtual 0MiB, MemoryMaxUsedPhysical 16384MiB, MemoryMinFreeVirtual 0MiB, MemoryMinFreePhysical 1024MiB
[2023.07.10-16.02.30:468][  0]LogCook: Display: Mobile HDR setting 1
[2023.07.10-16.02.32:259][  0]LogAutoSizeComments: Startup AutoSizeComments
[2023.07.10-16.02.39:882][  0]LogInit: Display: Engine is initialized. Leaving FEngineLoop::Init()
[2023.07.10-16.02.40:320][  0]SourceControl: Source control is disabled
[2023.07.10-16.02.40:345][  0]LogUnrealEdMisc: Loading editor; pre map load, took 178.508
[2023.07.10-16.02.40:537][  0]Cmd: MAP LOAD FILE="../../../../../Github Work/ANONPlayerCharacterProto/ANONCharacterProto/Content/TopDownBP/Maps/TopDownExampleMap.umap" TEMPLATE=0 SHOWPROGRESS=1 FEATURELEVEL=3
[2023.07.10-16.02.40:623][  0]LightingResults: New page: Lighting Build
[2023.07.10-16.02.41:116][  0]LogWorld: UWorld::CleanupWorld for Untitled, bSessionEnded=true, bCleanupResources=true
[2023.07.10-16.02.41:427][  0]LogSlate: InvalidateAllWidgets triggered.  All widgets were invalidated
[2023.07.10-16.02.41:724][  0]MapCheck: New page: Map Check
[2023.07.10-16.02.41:724][  0]LightingResults: New page: Lighting Build
[2023.07.10-16.02.42:448][  0]LogAudio: Display: Audio Device unregistered from world 'None'.
[2023.07.10-16.02.43:460][  0]LogUObjectHash: Compacting FUObjectHashTables data took  25.70ms
